Change Component Designator: Old Designator=C3 New Designator=C78
Change Component Designator: Old Designator=C4 New Designator=C79
Change Component Designator: Old Designator=C5 New Designator=C80
Change Component Designator: Old Designator=C6 New Designator=C81
Change Component Designator: Old Designator=C7 New Designator=C82
Change Component Designator: Old Designator=C8 New Designator=C83
Change Component Designator: Old Designator=C9 New Designator=C84
Change Component Designator: Old Designator=C10 New Designator=C86
Change Component Designator: Old Designator=C11 New Designator=C85
Change Component Designator: Old Designator=C12 New Designator=C88
Change Component Designator: Old Designator=C13 New Designator=C89
Change Component Designator: Old Designator=C14 New Designator=C90
Change Component Designator: Old Designator=C15 New Designator=C91
Change Component Designator: Old Designator=C16 New Designator=C92
Change Component Designator: Old Designator=C17 New Designator=C93
Change Component Designator: Old Designator=C18 New Designator=C94
Change Component Designator: Old Designator=C20 New Designator=C87
Change Component Designator: Old Designator=C? New Designator=C95
Change Component Designator: Old Designator=D1 New Designator=D21
Change Component Designator: Old Designator=D2 New Designator=D22
Change Component Designator: Old Designator=D3 New Designator=D23
Change Component Designator: Old Designator=D4 New Designator=D24
Change Component Designator: Old Designator=D5 New Designator=D25
Change Component Designator: Old Designator=D6 New Designator=D26
Change Component Designator: Old Designator=K1 New Designator=K5
Change Component Designator: Old Designator=L1 New Designator=L6
Change Component Designator: Old Designator=P1 New Designator=P17
Change Component Designator: Old Designator=P2 New Designator=P18
Change Component Designator: Old Designator=P3 New Designator=P19
Change Component Designator: Old Designator=P6 New Designator=P20
Change Component Designator: Old Designator=Q1 New Designator=Q25
Change Component Designator: Old Designator=Q2 New Designator=Q26
Change Component Designator: Old Designator=Q3 New Designator=Q27
Change Component Designator: Old Designator=Q4 New Designator=Q28
Change Component Designator: Old Designator=Q5 New Designator=Q29
Change Component Designator: Old Designator=Q6 New Designator=Q30
Change Component Designator: Old Designator=R1 New Designator=R156
Change Component Designator: Old Designator=R2 New Designator=R157
Change Component Designator: Old Designator=R3 New Designator=R158
Change Component Designator: Old Designator=R4 New Designator=R159
Change Component Designator: Old Designator=R5 New Designator=R160
Change Component Designator: Old Designator=R6 New Designator=R161
Change Component Designator: Old Designator=R7 New Designator=R162
Change Component Designator: Old Designator=R8 New Designator=R163
Change Component Designator: Old Designator=R9 New Designator=R164
Change Component Designator: Old Designator=R11 New Designator=R166
Change Component Designator: Old Designator=R13 New Designator=R167
Change Component Designator: Old Designator=R14 New Designator=R168
Change Component Designator: Old Designator=R15 New Designator=R170
Change Component Designator: Old Designator=R18 New Designator=R171
Change Component Designator: Old Designator=R19 New Designator=R173
Change Component Designator: Old Designator=R20 New Designator=R174
Change Component Designator: Old Designator=R21 New Designator=R175
Change Component Designator: Old Designator=R22 New Designator=R176
Change Component Designator: Old Designator=R23 New Designator=R177
Change Component Designator: Old Designator=R24 New Designator=R178
Change Component Designator: Old Designator=R25 New Designator=R180
Change Component Designator: Old Designator=R26 New Designator=R181
Change Component Designator: Old Designator=R27 New Designator=R182
Change Component Designator: Old Designator=R28 New Designator=R183
Change Component Designator: Old Designator=R29 New Designator=R184
Change Component Designator: Old Designator=R30 New Designator=R185
Change Component Designator: Old Designator=R31 New Designator=R186
Change Component Designator: Old Designator=R32 New Designator=R187
Change Component Designator: Old Designator=R33 New Designator=R188
Change Component Designator: Old Designator=R34 New Designator=R189
Change Component Designator: Old Designator=R35 New Designator=R190
Change Component Designator: Old Designator=R36 New Designator=R179
Change Component Designator: Old Designator=R37 New Designator=R169
Change Component Designator: Old Designator=R38 New Designator=R172
Change Component Designator: Old Designator=R? New Designator=R165
Change Component Designator: Old Designator=R? New Designator=R191
Change Component Designator: Old Designator=R? New Designator=R192
Change Component Designator: Old Designator=U1 New Designator=U18
Change Component Designator: Old Designator=U2 New Designator=U19
Change Component Designator: Old Designator=U3 New Designator=U20
Change Component Designator: Old Designator=U4 New Designator=U21
