Change Component Designator: Old Designator=C1 New Designator=C59
Change Component Designator: Old Designator=C3 New Designator=C42
Change Component Designator: Old Designator=C4 New Designator=C43
Change Component Designator: Old Designator=C5 New Designator=C44
Change Component Designator: Old Designator=C6 New Designator=C45
Change Component Designator: Old Designator=C7 New Designator=C46
Change Component Designator: Old Designator=C8 New Designator=C47
Change Component Designator: Old Designator=C9 New Designator=C48
Change Component Designator: Old Designator=C10 New Designator=C50
Change Component Designator: Old Designator=C11 New Designator=C49
Change Component Designator: Old Designator=C12 New Designator=C52
Change Component Designator: Old Designator=C13 New Designator=C53
Change Component Designator: Old Designator=C14 New Designator=C54
Change Component Designator: Old Designator=C15 New Designator=C55
Change Component Designator: Old Designator=C16 New Designator=C56
Change Component Designator: Old Designator=C17 New Designator=C57
Change Component Designator: Old Designator=C18 New Designator=C58
Change Component Designator: Old Designator=C20 New Designator=C51
Change Component Designator: Old Designator=D1 New Designator=D12
Change Component Designator: Old Designator=D2 New Designator=D13
Change Component Designator: Old Designator=D3 New Designator=D14
Change Component Designator: Old Designator=K1 New Designator=K3
Change Component Designator: Old Designator=L1 New Designator=L4
Change Component Designator: Old Designator=LED4 New Designator=LED2
Change Component Designator: Old Designator=P1 New Designator=P9
Change Component Designator: Old Designator=P2 New Designator=P10
Change Component Designator: Old Designator=P3 New Designator=P11
Change Component Designator: Old Designator=P6 New Designator=P12
Change Component Designator: Old Designator=Q1 New Designator=Q13
Change Component Designator: Old Designator=Q2 New Designator=Q14
Change Component Designator: Old Designator=Q3 New Designator=Q15
Change Component Designator: Old Designator=Q4 New Designator=Q16
Change Component Designator: Old Designator=Q5 New Designator=Q17
Change Component Designator: Old Designator=Q6 New Designator=Q18
Change Component Designator: Old Designator=R1 New Designator=R82
Change Component Designator: Old Designator=R2 New Designator=R83
Change Component Designator: Old Designator=R3 New Designator=R84
Change Component Designator: Old Designator=R4 New Designator=R85
Change Component Designator: Old Designator=R5 New Designator=R86
Change Component Designator: Old Designator=R6 New Designator=R87
Change Component Designator: Old Designator=R7 New Designator=R88
Change Component Designator: Old Designator=R8 New Designator=R89
Change Component Designator: Old Designator=R9 New Designator=R90
Change Component Designator: Old Designator=R10 New Designator=R91
Change Component Designator: Old Designator=R11 New Designator=R92
Change Component Designator: Old Designator=R12 New Designator=R117
Change Component Designator: Old Designator=R13 New Designator=R93
Change Component Designator: Old Designator=R14 New Designator=R94
Change Component Designator: Old Designator=R15 New Designator=R99
Change Component Designator: Old Designator=R16 New Designator=R118
Change Component Designator: Old Designator=R18 New Designator=R100
Change Component Designator: Old Designator=R19 New Designator=R96
Change Component Designator: Old Designator=R20 New Designator=R98
Change Component Designator: Old Designator=R21 New Designator=R97
Change Component Designator: Old Designator=R22 New Designator=R102
Change Component Designator: Old Designator=R23 New Designator=R103
Change Component Designator: Old Designator=R24 New Designator=R104
Change Component Designator: Old Designator=R25 New Designator=R106
Change Component Designator: Old Designator=R26 New Designator=R107
Change Component Designator: Old Designator=R27 New Designator=R108
Change Component Designator: Old Designator=R28 New Designator=R109
Change Component Designator: Old Designator=R29 New Designator=R110
Change Component Designator: Old Designator=R30 New Designator=R111
Change Component Designator: Old Designator=R31 New Designator=R112
Change Component Designator: Old Designator=R32 New Designator=R113
Change Component Designator: Old Designator=R33 New Designator=R114
Change Component Designator: Old Designator=R34 New Designator=R115
Change Component Designator: Old Designator=R35 New Designator=R116
Change Component Designator: Old Designator=R36 New Designator=R105
Change Component Designator: Old Designator=R37 New Designator=R95
Change Component Designator: Old Designator=R38 New Designator=R101
Change Component Designator: Old Designator=U1 New Designator=U10
Change Component Designator: Old Designator=U2 New Designator=U11
Change Component Designator: Old Designator=U3 New Designator=U12
Change Component Designator: Old Designator=U4 New Designator=U13
