Added Component: Designator=U2(QFN24)
Added Pin To Net: NetName=NetR10_1 Pin=U2-3
Added Pin To Net: NetName=NTC Pin=U2-4
Added Pin To Net: NetName=NetR12_1 Pin=U2-6
Added Pin To Net: NetName=NetR13_1 Pin=U2-7
Added Pin To Net: NetName=NetR15_1 Pin=U2-8
Added Pin To Net: NetName=NetR19_1 Pin=U2-11
Added Pin To Net: NetName=NetR24_2 Pin=U2-12
Added Pin To Net: NetName=NetC10_1 Pin=U2-13
Added Pin To Net: NetName=NetC8_1 Pin=U2-14
Added Pin To Net: NetName=NetC8_2 Pin=U2-15
Added Pin To Net: NetName=NetC8_2 Pin=U2-16
Added Pin To Net: NetName=NetC8_2 Pin=U2-17
Added Pin To Net: NetName=GND Pin=U2-18
Added Pin To Net: NetName=NetC3_2 Pin=U2-19
Added Pin To Net: NetName=NetC3_2 Pin=U2-20
Added Pin To Net: NetName=8.4V Pin=U2-21
Added Pin To Net: NetName=8.4V Pin=U2-22
Added Pin To Net: NetName=GND Pin=U2-25
Added Member To Class: ClassName=Copy of LKS_0313-V1.0(1) Member=Component U2 ip2326
