Change Component Designator: Old Designator=C3 New Designator=C24
Change Component Designator: Old Designator=C4 New Designator=C25
Change Component Designator: Old Designator=C5 New Designator=C26
Change Component Designator: Old Designator=C6 New Designator=C27
Change Component Designator: Old Designator=C7 New Designator=C28
Change Component Designator: Old Designator=C8 New Designator=C29
Change Component Designator: Old Designator=C9 New Designator=C30
Change Component Designator: Old Designator=C10 New Designator=C32
Change Component Designator: Old Designator=C11 New Designator=C31
Change Component Designator: Old Designator=C12 New Designator=C34
Change Component Designator: Old Designator=C13 New Designator=C35
Change Component Designator: Old Designator=C14 New Designator=C36
Change Component Designator: Old Designator=C15 New Designator=C37
Change Component Designator: Old Designator=C16 New Designator=C38
Change Component Designator: Old Designator=C17 New Designator=C39
Change Component Designator: Old Designator=C18 New Designator=C40
Change Component Designator: Old Designator=C20 New Designator=C33
Change Component Designator: Old Designator=C? New Designator=C41
Change Component Designator: Old Designator=D1 New Designator=D6
Change Component Designator: Old Designator=D2 New Designator=D7
Change Component Designator: Old Designator=D3 New Designator=D8
Change Component Designator: Old Designator=D4 New Designator=D9
Change Component Designator: Old Designator=D5 New Designator=D10
Change Component Designator: Old Designator=D6 New Designator=D11
Change Component Designator: Old Designator=K1 New Designator=K2
Change Component Designator: Old Designator=L1 New Designator=L3
Change Component Designator: Old Designator=P1 New Designator=P5
Change Component Designator: Old Designator=P2 New Designator=P6
Change Component Designator: Old Designator=P3 New Designator=P7
Change Component Designator: Old Designator=P6 New Designator=P8
Change Component Designator: Old Designator=Q1 New Designator=Q7
Change Component Designator: Old Designator=Q2 New Designator=Q8
Change Component Designator: Old Designator=Q3 New Designator=Q9
Change Component Designator: Old Designator=Q4 New Designator=Q10
Change Component Designator: Old Designator=Q5 New Designator=Q11
Change Component Designator: Old Designator=Q6 New Designator=Q12
Change Component Designator: Old Designator=R1 New Designator=R45
Change Component Designator: Old Designator=R2 New Designator=R46
Change Component Designator: Old Designator=R3 New Designator=R47
Change Component Designator: Old Designator=R4 New Designator=R48
Change Component Designator: Old Designator=R5 New Designator=R49
Change Component Designator: Old Designator=R6 New Designator=R50
Change Component Designator: Old Designator=R7 New Designator=R51
Change Component Designator: Old Designator=R8 New Designator=R52
Change Component Designator: Old Designator=R9 New Designator=R53
Change Component Designator: Old Designator=R11 New Designator=R55
Change Component Designator: Old Designator=R13 New Designator=R56
Change Component Designator: Old Designator=R14 New Designator=R57
Change Component Designator: Old Designator=R15 New Designator=R59
Change Component Designator: Old Designator=R18 New Designator=R60
Change Component Designator: Old Designator=R19 New Designator=R62
Change Component Designator: Old Designator=R20 New Designator=R63
Change Component Designator: Old Designator=R21 New Designator=R64
Change Component Designator: Old Designator=R22 New Designator=R65
Change Component Designator: Old Designator=R23 New Designator=R66
Change Component Designator: Old Designator=R24 New Designator=R67
Change Component Designator: Old Designator=R25 New Designator=R69
Change Component Designator: Old Designator=R26 New Designator=R70
Change Component Designator: Old Designator=R27 New Designator=R71
Change Component Designator: Old Designator=R28 New Designator=R72
Change Component Designator: Old Designator=R29 New Designator=R73
Change Component Designator: Old Designator=R30 New Designator=R74
Change Component Designator: Old Designator=R31 New Designator=R75
Change Component Designator: Old Designator=R32 New Designator=R76
Change Component Designator: Old Designator=R33 New Designator=R77
Change Component Designator: Old Designator=R34 New Designator=R78
Change Component Designator: Old Designator=R35 New Designator=R79
Change Component Designator: Old Designator=R36 New Designator=R68
Change Component Designator: Old Designator=R37 New Designator=R58
Change Component Designator: Old Designator=R38 New Designator=R61
Change Component Designator: Old Designator=R? New Designator=R54
Change Component Designator: Old Designator=R? New Designator=R80
Change Component Designator: Old Designator=R? New Designator=R81
Change Component Designator: Old Designator=U1 New Designator=U6
Change Component Designator: Old Designator=U2 New Designator=U7
Change Component Designator: Old Designator=U3 New Designator=U8
Change Component Designator: Old Designator=U4 New Designator=U9
