Added Component: Designator=C1(C 0402_M)
Added Component: Designator=C2(C 0402_M)
Added Component: Designator=C3(C 0402_M)
Added Component: Designator=C4(C 0402_M)
Added Component: Designator=C5(C 0402_M)
Added Component: Designator=C6(C 0402_M)
Added Component: Designator=C7(C 0402_M)
Added Component: Designator=C8(C 0402_M)
Added Component: Designator=C9(C 0805_M)
Added Component: Designator=C10(C 0402_M)
Added Component: Designator=C11(C 0402_M)
Added Component: Designator=C12(0603_RON)
Added Component: Designator=C13(0805C)
Added Component: Designator=C14(C 0402_M)
Added Component: Designator=C15(C 0402_M)
Added Component: Designator=C16(0805C)
Added Component: Designator=C17(0805C)
Added Component: Designator=C18(C 0402_M)
Added Component: Designator=C19(0805C)
Added Component: Designator=C20(C 0402_M)
Added Component: Designator=C21(C 0402_M)
Added Component: Designator=C22(C 0402_M)
Added Component: Designator=C23(C 0402_M)
Added Component: Designator=D1(SMDLED)
Added Component: Designator=D2(SMDLED)
Added Component: Designator=D3(SMDLED)
Added Component: Designator=D4(SOD123F)
Added Component: Designator=D5(SOD-323)
Added Component: Designator=K1(Button3x4x2)
Added Component: Designator=L1(0630-10UH)
Added Component: Designator=L2(0630-10UH)
Added Component: Designator=LED1(RGB-5050)
Added Component: Designator=P1(HDR1X3)
Added Component: Designator=P2(HDR1X2)
Added Component: Designator=P3(SMD-12)
Added Component: Designator=P4(HDR1X4)
Added Component: Designator=Q1(SOT-23)
Added Component: Designator=Q2(SOT-23)
Added Component: Designator=Q3(SOT-23)
Added Component: Designator=Q4(SOT-23)
Added Component: Designator=Q5(SOT-23)
Added Component: Designator=Q6(SOT-23)
Added Component: Designator=R1(C 0402_M)
Added Component: Designator=R2(C 0402_M)
Added Component: Designator=R3(C 0402_M)
Added Component: Designator=R4(C 0402_M)
Added Component: Designator=R5(C 0402_M)
Added Component: Designator=R6(C 0402_M)
Added Component: Designator=R7(C 0402_M)
Added Component: Designator=R8(C 0402_M)
Added Component: Designator=R9(C 0402_M)
Added Component: Designator=R10(C 0402_M)
Added Component: Designator=R11(C 0402_M)
Added Component: Designator=R12(C 0402_M)
Added Component: Designator=R13(C 0402_M)
Added Component: Designator=R14(C 0402_M)
Added Component: Designator=R15(C 0402_M)
Added Component: Designator=R16(C 0402_M)
Added Component: Designator=R17(C 0402_M)
Added Component: Designator=R18(C 0402_M)
Added Component: Designator=R19(C 0402_M)
Added Component: Designator=R20(0603_RON)
Added Component: Designator=R21(C 0402_M)
Added Component: Designator=R22(C 0402_M)
Added Component: Designator=R23(0603_RON)
Added Component: Designator=R24(0603_RON)
Added Component: Designator=R25(R 0805_M)
Added Component: Designator=R26(C 0402_M)
Added Component: Designator=R27(C 0402_M)
Added Component: Designator=R28(C 0402_M)
Added Component: Designator=R29(C 0402_M)
Added Component: Designator=R30(C 0402_M)
Added Component: Designator=R31(C 0402_M)
Added Component: Designator=R32(C 0402_M)
Added Component: Designator=R33(0603_RON)
Added Component: Designator=R34(C 0402_M)
Added Component: Designator=R35(C 0402_M)
Added Component: Designator=R36(C 0402_M)
Added Component: Designator=R37(0603_RON)
Added Component: Designator=R38(C 0402_M)
Added Component: Designator=R39(C 0402_M)
Added Component: Designator=R40(C 0402_M)
Added Component: Designator=R41(C 0402_M)
Added Component: Designator=R42(C 0402_M)
Added Component: Designator=R43(C 0402_M)
Added Component: Designator=R44(C 0402_M)
Added Component: Designator=U1(QFN16)
Added Component: Designator=U3(SOT23-5)
Added Component: Designator=U4(SOT89-3)
Added Component: Designator=U5(QFN32 5x5_M)
Added Pin To Net: NetName=GND Pin=C1-2
Added Pin To Net: NetName=GND Pin=C2-2
Added Pin To Net: NetName=GND Pin=C3-1
Added Pin To Net: NetName=GND Pin=C4-1
Added Pin To Net: NetName=GND Pin=C5-1
Added Pin To Net: NetName=GND Pin=C6-2
Added Pin To Net: NetName=GND Pin=C7-1
Added Pin To Net: NetName=GND Pin=C9-1
Added Pin To Net: NetName=GND Pin=C10-2
Added Pin To Net: NetName=NetC11_1 Pin=C11-1
Added Pin To Net: NetName=GND Pin=C11-2
Added Pin To Net: NetName=GND Pin=C12-2
Added Pin To Net: NetName=GND Pin=C13-1
Added Pin To Net: NetName=GND Pin=C14-2
Added Pin To Net: NetName=GND Pin=C16-1
Added Pin To Net: NetName=GND Pin=C17-1
Added Pin To Net: NetName=GND Pin=C18-2
Added Pin To Net: NetName=GND Pin=C19-1
Added Pin To Net: NetName=GND Pin=C20-2
Added Pin To Net: NetName=GND Pin=C21-1
Added Pin To Net: NetName=NRST Pin=C22-1
Added Pin To Net: NetName=GND Pin=C22-2
Added Pin To Net: NetName=GND Pin=C23-1
Added Pin To Net: NetName=OC Pin=C23-2
Added Pin To Net: NetName=NetD2_1 Pin=D2-1
Added Pin To Net: NetName=GND Pin=D4-1
Added Pin To Net: NetName=GND Pin=P1-1
Added Pin To Net: NetName=GND Pin=P2-2
Added Pin To Net: NetName=GND Pin=P3-7
Added Pin To Net: NetName=GND Pin=P4-2
Added Pin To Net: NetName=SWDIO Pin=P4-3
Added Pin To Net: NetName=SWCLK Pin=P4-4
Added Pin To Net: NetName=GND Pin=Q1-2
Added Pin To Net: NetName=GND Pin=Q2-2
Added Pin To Net: NetName=GND Pin=Q3-2
Added Pin To Net: NetName=GND Pin=Q4-2
Added Pin To Net: NetName=GND Pin=Q5-2
Added Pin To Net: NetName=GND Pin=Q6-2
Added Pin To Net: NetName=NetD2_1 Pin=R2-1
Added Pin To Net: NetName=GND Pin=R7-2
Added Pin To Net: NetName=GND Pin=R8-2
Added Pin To Net: NetName=GND Pin=R9-2
Added Pin To Net: NetName=GND Pin=R10-2
Added Pin To Net: NetName=GND Pin=R11-2
Added Pin To Net: NetName=GND Pin=R13-2
Added Pin To Net: NetName=GND Pin=R14-2
Added Pin To Net: NetName=GND Pin=R15-2
Added Pin To Net: NetName=GND Pin=R19-2
Added Pin To Net: NetName=NetC11_1 Pin=R20-2
Added Pin To Net: NetName=GND Pin=R22-1
Added Pin To Net: NetName=GND Pin=R25-2
Added Pin To Net: NetName=GND Pin=R29-2
Added Pin To Net: NetName=GND Pin=R30-2
Added Pin To Net: NetName=GND Pin=R31-2
Added Pin To Net: NetName=GND Pin=R35-1
Added Pin To Net: NetName=GND Pin=R37-2
Added Pin To Net: NetName=GND Pin=R39-1
Added Pin To Net: NetName=GND Pin=R42-2
Added Pin To Net: NetName=OC Pin=R43-1
Added Pin To Net: NetName=GND Pin=R44-2
Added Pin To Net: NetName=GND Pin=U1-10
Added Pin To Net: NetName=GND Pin=U1-17
Added Pin To Net: NetName=GND Pin=U3-2
Added Pin To Net: NetName=GND Pin=U4-3
Added Pin To Net: NetName=GND Pin=U4-3
Added Pin To Net: NetName=GND Pin=U5-0
Added Pin To Net: NetName=NRST Pin=U5-2
Added Pin To Net: NetName=OC Pin=U5-11
Added Pin To Net: NetName=SWCLK Pin=U5-31
Added Pin To Net: NetName=SWDIO Pin=U5-32
Added Pin To Net: NetName=1ST Pin=R6-2
Added Pin To Net: NetName=1ST Pin=U5-5
Added Net: Name=1ST
Added Pin To Net: NetName=2ND Pin=R4-2
Added Pin To Net: NetName=2ND Pin=U5-6
Added Net: Name=2ND
Added Pin To Net: NetName=3.3V Pin=C4-2
Added Pin To Net: NetName=3.3V Pin=C17-2
Added Pin To Net: NetName=3.3V Pin=C18-1
Added Pin To Net: NetName=3.3V Pin=C21-2
Added Pin To Net: NetName=3.3V Pin=P3-12
Added Pin To Net: NetName=3.3V Pin=R1-2
Added Pin To Net: NetName=3.3V Pin=R2-2
Added Pin To Net: NetName=3.3V Pin=R3-2
Added Pin To Net: NetName=3.3V Pin=R16-2
Added Pin To Net: NetName=3.3V Pin=R17-2
Added Pin To Net: NetName=3.3V Pin=R18-2
Added Pin To Net: NetName=3.3V Pin=R33-2
Added Pin To Net: NetName=3.3V Pin=U1-16
Added Pin To Net: NetName=3.3V Pin=U4-1
Added Pin To Net: NetName=3.3V Pin=U5-3
Added Net: Name=3.3V
Added Pin To Net: NetName=3RD Pin=R5-2
Added Pin To Net: NetName=3RD Pin=U5-7
Added Net: Name=3RD
Added Pin To Net: NetName=5.0V Pin=C15-1
Added Pin To Net: NetName=5.0V Pin=C16-2
Added Pin To Net: NetName=5.0V Pin=C19-2
Added Pin To Net: NetName=5.0V Pin=L2-2
Added Pin To Net: NetName=5.0V Pin=P4-1
Added Pin To Net: NetName=5.0V Pin=R36-1
Added Pin To Net: NetName=5.0V Pin=U4-2
Added Net: Name=5.0V
Added Pin To Net: NetName=5VVIN Pin=C6-1
Added Pin To Net: NetName=5VVIN Pin=C7-2
Added Pin To Net: NetName=5VVIN Pin=D4-2
Added Pin To Net: NetName=5VVIN Pin=L1-2
Added Pin To Net: NetName=5VVIN Pin=P2-1
Added Pin To Net: NetName=5VVIN Pin=R23-1
Added Pin To Net: NetName=5VVIN Pin=R24-1
Added Net: Name=5VVIN
Added Pin To Net: NetName=8.4V Pin=C9-2
Added Pin To Net: NetName=8.4V Pin=C13-2
Added Pin To Net: NetName=8.4V Pin=C14-1
Added Pin To Net: NetName=8.4V Pin=P1-3
Added Pin To Net: NetName=8.4V Pin=R32-1
Added Pin To Net: NetName=8.4V Pin=R34-2
Added Pin To Net: NetName=8.4V Pin=R40-1
Added Pin To Net: NetName=8.4V Pin=U1-3
Added Pin To Net: NetName=8.4V Pin=U3-4
Added Net: Name=8.4V
Added Pin To Net: NetName=A_N Pin=U1-13
Added Pin To Net: NetName=A_N Pin=U5-23
Added Net: Name=A_N
Added Pin To Net: NetName=A_P Pin=U1-12
Added Pin To Net: NetName=A_P Pin=U5-22
Added Net: Name=A_P
Added Pin To Net: NetName=B_N Pin=U1-15
Added Pin To Net: NetName=B_N Pin=U5-21
Added Net: Name=B_N
Added Pin To Net: NetName=B_P Pin=U1-14
Added Pin To Net: NetName=B_P Pin=U5-20
Added Net: Name=B_P
Added Pin To Net: NetName=BAT_ADC Pin=R41-1
Added Pin To Net: NetName=BAT_ADC Pin=U5-12
Added Net: Name=BAT_ADC
Added Pin To Net: NetName=BLUE Pin=R28-2
Added Pin To Net: NetName=BLUE Pin=U5-10
Added Net: Name=BLUE
Added Pin To Net: NetName=C_N Pin=U1-1
Added Pin To Net: NetName=C_N Pin=U5-19
Added Net: Name=C_N
Added Pin To Net: NetName=C_P Pin=U1-2
Added Pin To Net: NetName=C_P Pin=U5-18
Added Net: Name=C_P
Added Pin To Net: NetName=CH Pin=R12-2
Added Pin To Net: NetName=CH Pin=R14-1
Added Pin To Net: NetName=CH Pin=U5-30
Added Net: Name=CH
Added Pin To Net: NetName=EN Pin=U5-27
Added Net: Name=EN
Added Pin To Net: NetName=FAULT Pin=U1-11
Added Pin To Net: NetName=FAULT Pin=U5-24
Added Net: Name=FAULT
Added Pin To Net: NetName=GREEN Pin=R26-2
Added Pin To Net: NetName=GREEN Pin=U5-9
Added Net: Name=GREEN
Added Pin To Net: NetName=LH_OUT_0 Pin=P3-8
Added Pin To Net: NetName=LH_OUT_0 Pin=P3-10
Added Pin To Net: NetName=LH_OUT_0 Pin=U5-17
Added Net: Name=LH_OUT_0
Added Pin To Net: NetName=LH_OUT_1 Pin=P3-9
Added Pin To Net: NetName=LH_OUT_1 Pin=P3-11
Added Pin To Net: NetName=LH_OUT_1 Pin=U5-1
Added Net: Name=LH_OUT_1
Added Pin To Net: NetName=NetC3_2 Pin=C3-2
Added Pin To Net: NetName=NetC3_2 Pin=C5-2
Added Net: Name=NetC3_2
Added Pin To Net: NetName=NetC8_1 Pin=C8-1
Added Net: Name=NetC8_1
Added Pin To Net: NetName=NetC8_2 Pin=C8-2
Added Pin To Net: NetName=NetC8_2 Pin=L1-1
Added Pin To Net: NetName=NetC8_2 Pin=R20-1
Added Net: Name=NetC8_2
Added Pin To Net: NetName=NetC10_1 Pin=C10-1
Added Pin To Net: NetName=NetC10_1 Pin=R23-2
Added Net: Name=NetC10_1
Added Pin To Net: NetName=NetC15_2 Pin=C15-2
Added Pin To Net: NetName=NetC15_2 Pin=R36-2
Added Pin To Net: NetName=NetC15_2 Pin=R37-1
Added Pin To Net: NetName=NetC15_2 Pin=U3-5
Added Net: Name=NetC15_2
Added Pin To Net: NetName=NetC20_1 Pin=C20-1
Added Pin To Net: NetName=NetC20_1 Pin=R33-1
Added Net: Name=NetC20_1
Added Pin To Net: NetName=NetD1_1 Pin=D1-1
Added Pin To Net: NetName=NetD1_1 Pin=R1-1
Added Net: Name=NetD1_1
Added Pin To Net: NetName=NetD1_2 Pin=D1-2
Added Pin To Net: NetName=NetD1_2 Pin=Q1-3
Added Net: Name=NetD1_2
Added Pin To Net: NetName=NetD2_2 Pin=D2-2
Added Pin To Net: NetName=NetD2_2 Pin=Q2-3
Added Net: Name=NetD2_2
Added Pin To Net: NetName=NetD3_1 Pin=D3-1
Added Pin To Net: NetName=NetD3_1 Pin=R3-1
Added Net: Name=NetD3_1
Added Pin To Net: NetName=NetD3_2 Pin=D3-2
Added Pin To Net: NetName=NetD3_2 Pin=Q3-3
Added Net: Name=NetD3_2
Added Pin To Net: NetName=NetD5_1 Pin=D5-1
Added Pin To Net: NetName=NetD5_1 Pin=R38-1
Added Net: Name=NetD5_1
Added Pin To Net: NetName=NetD5_2 Pin=D5-2
Added Pin To Net: NetName=NetD5_2 Pin=R32-2
Added Pin To Net: NetName=NetD5_2 Pin=R39-2
Added Pin To Net: NetName=NetD5_2 Pin=U3-1
Added Net: Name=NetD5_2
Added Pin To Net: NetName=NetK1_1 Pin=K1-1
Added Pin To Net: NetName=NetK1_1 Pin=R34-1
Added Net: Name=NetK1_1
Added Pin To Net: NetName=NetL2_1 Pin=L2-1
Added Pin To Net: NetName=NetL2_1 Pin=U3-3
Added Net: Name=NetL2_1
Added Pin To Net: NetName=NetLED1_1 Pin=LED1-1
Added Pin To Net: NetName=NetLED1_1 Pin=R18-1
Added Net: Name=NetLED1_1
Added Pin To Net: NetName=NetLED1_2 Pin=LED1-2
Added Pin To Net: NetName=NetLED1_2 Pin=R17-1
Added Net: Name=NetLED1_2
Added Pin To Net: NetName=NetLED1_3 Pin=LED1-3
Added Pin To Net: NetName=NetLED1_3 Pin=R16-1
Added Net: Name=NetLED1_3
Added Pin To Net: NetName=NetLED1_4 Pin=LED1-4
Added Pin To Net: NetName=NetLED1_4 Pin=Q4-3
Added Net: Name=NetLED1_4
Added Pin To Net: NetName=NetLED1_5 Pin=LED1-5
Added Pin To Net: NetName=NetLED1_5 Pin=Q5-3
Added Net: Name=NetLED1_5
Added Pin To Net: NetName=NetLED1_6 Pin=LED1-6
Added Pin To Net: NetName=NetLED1_6 Pin=Q6-3
Added Net: Name=NetLED1_6
Added Pin To Net: NetName=NetQ1_1 Pin=Q1-1
Added Pin To Net: NetName=NetQ1_1 Pin=R4-1
Added Pin To Net: NetName=NetQ1_1 Pin=R7-1
Added Net: Name=NetQ1_1
Added Pin To Net: NetName=NetQ2_1 Pin=Q2-1
Added Pin To Net: NetName=NetQ2_1 Pin=R5-1
Added Pin To Net: NetName=NetQ2_1 Pin=R8-1
Added Net: Name=NetQ2_1
Added Pin To Net: NetName=NetQ3_1 Pin=Q3-1
Added Pin To Net: NetName=NetQ3_1 Pin=R6-1
Added Pin To Net: NetName=NetQ3_1 Pin=R9-1
Added Net: Name=NetQ3_1
Added Pin To Net: NetName=NetQ4_1 Pin=Q4-1
Added Pin To Net: NetName=NetQ4_1 Pin=R26-1
Added Pin To Net: NetName=NetQ4_1 Pin=R29-1
Added Net: Name=NetQ4_1
Added Pin To Net: NetName=NetQ5_1 Pin=Q5-1
Added Pin To Net: NetName=NetQ5_1 Pin=R27-1
Added Pin To Net: NetName=NetQ5_1 Pin=R30-1
Added Net: Name=NetQ5_1
Added Pin To Net: NetName=NetQ6_1 Pin=Q6-1
Added Pin To Net: NetName=NetQ6_1 Pin=R28-1
Added Pin To Net: NetName=NetQ6_1 Pin=R31-1
Added Net: Name=NetQ6_1
Added Pin To Net: NetName=NetR10_1 Pin=R10-1
Added Net: Name=NetR10_1
Added Pin To Net: NetName=NetR12_1 Pin=R12-1
Added Net: Name=NetR12_1
Added Pin To Net: NetName=NetR13_1 Pin=R13-1
Added Net: Name=NetR13_1
Added Pin To Net: NetName=NetR15_1 Pin=R15-1
Added Net: Name=NetR15_1
Added Pin To Net: NetName=NetR19_1 Pin=R19-1
Added Net: Name=NetR19_1
Added Pin To Net: NetName=NetR24_2 Pin=R24-2
Added Net: Name=NetR24_2
Added Pin To Net: NetName=NetR40_2 Pin=R40-2
Added Pin To Net: NetName=NetR40_2 Pin=R41-2
Added Pin To Net: NetName=NetR40_2 Pin=R42-1
Added Net: Name=NetR40_2
Added Pin To Net: NetName=NTC Pin=C1-1
Added Pin To Net: NetName=NTC Pin=C2-1
Added Pin To Net: NetName=NTC Pin=P1-2
Added Pin To Net: NetName=NTC Pin=R11-1
Added Net: Name=NTC
Added Pin To Net: NetName=OPA3_IN Pin=R22-2
Added Pin To Net: NetName=OPA3_IN Pin=U5-16
Added Net: Name=OPA3_IN
Added Pin To Net: NetName=OPA3_IP Pin=R21-2
Added Pin To Net: NetName=OPA3_IP Pin=U5-15
Added Net: Name=OPA3_IP
Added Pin To Net: NetName=PGND Pin=R21-1
Added Pin To Net: NetName=PGND Pin=R25-1
Added Pin To Net: NetName=PGND Pin=R43-2
Added Pin To Net: NetName=PGND Pin=R44-1
Added Pin To Net: NetName=PGND Pin=U1-5
Added Pin To Net: NetName=PGND Pin=U1-6
Added Pin To Net: NetName=PGND Pin=U1-8
Added Net: Name=PGND
Added Pin To Net: NetName=RED Pin=R27-2
Added Pin To Net: NetName=RED Pin=U5-8
Added Net: Name=RED
Added Pin To Net: NetName=START_KEY Pin=C12-1
Added Pin To Net: NetName=START_KEY Pin=K1-2
Added Pin To Net: NetName=START_KEY Pin=R35-2
Added Pin To Net: NetName=START_KEY Pin=R38-2
Added Pin To Net: NetName=START_KEY Pin=U5-29
Added Net: Name=START_KEY
Added Pin To Net: NetName=U Pin=P3-1
Added Pin To Net: NetName=U Pin=P3-2
Added Pin To Net: NetName=U Pin=U1-9
Added Net: Name=U
Added Pin To Net: NetName=V Pin=P3-3
Added Pin To Net: NetName=V Pin=P3-4
Added Pin To Net: NetName=V Pin=U1-7
Added Net: Name=V
Added Pin To Net: NetName=W Pin=P3-5
Added Pin To Net: NetName=W Pin=P3-6
Added Pin To Net: NetName=W Pin=U1-4
Added Net: Name=W
Added Class: Name=Copy of LKS_0313-V1.0(1)
