Removed Pin From Net: NetName=GND Pin=C13-1
Removed Pin From Net: NetName=GND Pin=C18-1
Removed Pin From Net: NetName=GND Pin=C21-1
Removed Pin From Net: NetName=GND Pin=FU1-2
Removed Pin From Net: NetName=GND Pin=Q1-5
Removed Pin From Net: NetName=GND Pin=Q1-6
Removed Pin From Net: NetName=GND Pin=Q1-7
Removed Pin From Net: NetName=GND Pin=Q2-5
Removed Pin From Net: NetName=GND Pin=Q2-6
Removed Pin From Net: NetName=GND Pin=Q2-7
Removed Pin From Net: NetName=GND Pin=Q9-5
Removed Pin From Net: NetName=GND Pin=Q9-6
Removed Pin From Net: NetName=GND Pin=Q9-7
Removed Pin From Net: NetName=GND Pin=R12-2
Removed Pin From Net: NetName=GND Pin=R26-2
Removed Pin From Net: NetName=GND Pin=R42-2
Removed Pin From Net: NetName=GND Pin=R45-1
Removed Pin From Net: NetName=GND Pin=R48-1
Removed Pin From Net: NetName=GND Pin=R49-1
Added Pin To Net: NetName=GND Pin=C27-1
Added Pin To Net: NetName=GND Pin=R49-2
Added Pin To Net: NetName=PGND Pin=C13-1
Added Pin To Net: NetName=PGND Pin=C18-1
Added Pin To Net: NetName=PGND Pin=C21-1
Added Pin To Net: NetName=PGND Pin=FU1-2
Added Pin To Net: NetName=PGND Pin=Q1-5
Added Pin To Net: NetName=PGND Pin=Q1-6
Added Pin To Net: NetName=PGND Pin=Q1-7
Added Pin To Net: NetName=PGND Pin=Q2-5
Added Pin To Net: NetName=PGND Pin=Q2-6
Added Pin To Net: NetName=PGND Pin=Q2-7
Added Pin To Net: NetName=PGND Pin=Q9-5
Added Pin To Net: NetName=PGND Pin=Q9-6
Added Pin To Net: NetName=PGND Pin=Q9-7
Added Pin To Net: NetName=PGND Pin=R12-2
Added Pin To Net: NetName=PGND Pin=R26-2
Added Pin To Net: NetName=PGND Pin=R42-2
Added Pin To Net: NetName=PGND Pin=R45-1
Added Pin To Net: NetName=PGND Pin=R48-1
Added Pin To Net: NetName=PGND Pin=R49-1
Added Net: Name=PGND
