Change Component Footprint: Designator=Q1 Old Footprint=SOT-23 New Footprint=DFN-3X3_8
Change Component Footprint: Designator=Q2 Old Footprint=SOT-23 New Footprint=DFN-3X3_8
Added Component: Designator=Q9(DFN-3X3_8)
Add component (AddParameter): Name = "PCB DECAL"; Value = "DFN-3X3_8"; VariantName = "[No Variations]"
Added Component: Designator=U2(DFN2X2_8_0.5)
Added Pin To Net: NetName=VDD Pin=Q1-4
Added Pin To Net: NetName=GND Pin=Q1-5
Added Pin To Net: NetName=GND Pin=Q1-6
Added Pin To Net: NetName=GND Pin=Q1-7
Added Pin To Net: NetName=NetC13_2 Pin=Q1-8
Added Pin To Net: NetName=VDD Pin=Q1-9
Added Pin To Net: NetName=VS3 Pin=Q1-10
Added Pin To Net: NetName=VDD Pin=Q2-4
Added Pin To Net: NetName=GND Pin=Q2-5
Added Pin To Net: NetName=GND Pin=Q2-6
Added Pin To Net: NetName=GND Pin=Q2-7
Added Pin To Net: NetName=NetC18_2 Pin=Q2-8
Added Pin To Net: NetName=VDD Pin=Q2-9
Added Pin To Net: NetName=V Pin=Q2-10
Added Pin To Net: NetName=NetC20_2 Pin=Q9-1
Added Pin To Net: NetName=VDD Pin=Q9-2
Added Pin To Net: NetName=VDD Pin=Q9-3
Added Pin To Net: NetName=VDD Pin=Q9-4
Added Pin To Net: NetName=GND Pin=Q9-5
Added Pin To Net: NetName=GND Pin=Q9-6
Added Pin To Net: NetName=GND Pin=Q9-7
Added Pin To Net: NetName=NetC21_2 Pin=Q9-8
Added Pin To Net: NetName=VDD Pin=Q9-9
Added Pin To Net: NetName=U Pin=Q9-10
Added Pin To Net: NetName=NetC3_2 Pin=U2-1
Added Pin To Net: NetName=GND Pin=U2-2
Added Pin To Net: NetName=NetD2_1 Pin=U2-3
Added Pin To Net: NetName=NetC10_2 Pin=U2-4
Added Pin To Net: NetName=VBAT_8V4 Pin=U2-5
Added Pin To Net: NetName=NetR3_1 Pin=U2-6
Added Pin To Net: NetName=NetR7_2 Pin=U2-7
Added Pin To Net: NetName=CH_STAT Pin=U2-8
Added Pin To Net: NetName=GND Pin=U2-9
Added Member To Class: ClassName=LKS_074DO Member=Component Q9 CJBM3020
Added Member To Class: ClassName=LKS_074DO Member=Component U2 CS5090EL
