Importer Log Report
Project : PCB-trb01-V2.30 - 2.PrjPcb

Section : Document - PCB-trb01-V2.30 - 2.asc

    Section : Import Messages
        Error   : No designator found for component: @2_1
        Error   : No comment found for component: @2_1
        Error   : No designator found for component: @2_10
        Error   : No comment found for component: @2_10
        Error   : No designator found for component: @2_100
        Error   : No comment found for component: @2_100
        Error   : No designator found for component: @2_101
        Error   : No comment found for component: @2_101
        Error   : No designator found for component: @2_102
        Error   : No comment found for component: @2_102
        Error   : No designator found for component: @2_103
        Error   : No comment found for component: @2_103
        Error   : No designator found for component: @2_104
        Error   : No comment found for component: @2_104
        Error   : No designator found for component: @2_105
        Error   : No comment found for component: @2_105
        Error   : No designator found for component: @2_106
        Error   : No comment found for component: @2_106
        Error   : No designator found for component: @2_107
        Error   : No comment found for component: @2_107
        Error   : No designator found for component: @2_108
        Error   : No comment found for component: @2_108
        Error   : No designator found for component: @2_109
        Error   : No comment found for component: @2_109
        Error   : No designator found for component: @2_11
        Error   : No comment found for component: @2_11
        Error   : No designator found for component: @2_110
        Error   : No comment found for component: @2_110
        Error   : No designator found for component: @2_111
        Error   : No comment found for component: @2_111
        Error   : No designator found for component: @2_112
        Error   : No comment found for component: @2_112
        Error   : No designator found for component: @2_113
        Error   : No comment found for component: @2_113
        Error   : No designator found for component: @2_114
        Error   : No comment found for component: @2_114
        Error   : No designator found for component: @2_115
        Error   : No comment found for component: @2_115
        Error   : No designator found for component: @2_116
        Error   : No comment found for component: @2_116
        Error   : No designator found for component: @2_117
        Error   : No comment found for component: @2_117
        Error   : No designator found for component: @2_118
        Error   : No comment found for component: @2_118
        Error   : No designator found for component: @2_119
        Error   : No comment found for component: @2_119
        Error   : No designator found for component: @2_12
        Error   : No comment found for component: @2_12
        Error   : No designator found for component: @2_120
        Error   : No comment found for component: @2_120
        Error   : No designator found for component: @2_121
        Error   : No comment found for component: @2_121
        Error   : No designator found for component: @2_122
        Error   : No comment found for component: @2_122
        Error   : No designator found for component: @2_123
        Error   : No comment found for component: @2_123
        Error   : No designator found for component: @2_124
        Error   : No comment found for component: @2_124
        Error   : No designator found for component: @2_125
        Error   : No comment found for component: @2_125
        Error   : No designator found for component: @2_126
        Error   : No comment found for component: @2_126
        Error   : No designator found for component: @2_127
        Error   : No comment found for component: @2_127
        Error   : No designator found for component: @2_128
        Error   : No comment found for component: @2_128
        Error   : No designator found for component: @2_129
        Error   : No comment found for component: @2_129
        Error   : No designator found for component: @2_13
        Error   : No comment found for component: @2_13
        Error   : No designator found for component: @2_130
        Error   : No comment found for component: @2_130
        Error   : No designator found for component: @2_131
        Error   : No comment found for component: @2_131
        Error   : No designator found for component: @2_132
        Error   : No comment found for component: @2_132
        Error   : No designator found for component: @2_133
        Error   : No comment found for component: @2_133
        Error   : No designator found for component: @2_134
        Error   : No comment found for component: @2_134
        Error   : No designator found for component: @2_135
        Error   : No comment found for component: @2_135
        Error   : No designator found for component: @2_136
        Error   : No comment found for component: @2_136
        Error   : No designator found for component: @2_137
        Error   : No comment found for component: @2_137
        Error   : No designator found for component: @2_138
        Error   : No comment found for component: @2_138
        Error   : No designator found for component: @2_139
        Error   : No comment found for component: @2_139
        Error   : No designator found for component: @2_14
        Error   : No comment found for component: @2_14
        Error   : No designator found for component: @2_140
        Error   : No comment found for component: @2_140
        Error   : No designator found for component: @2_141
        Error   : No comment found for component: @2_141
        Error   : No designator found for component: @2_142
        Error   : No comment found for component: @2_142
        Error   : No designator found for component: @2_143
        Error   : No comment found for component: @2_143
        Error   : No designator found for component: @2_144
        Error   : No comment found for component: @2_144
        Error   : No designator found for component: @2_145
        Error   : No comment found for component: @2_145
        Error   : No designator found for component: @2_146
        Error   : No comment found for component: @2_146
        Error   : No designator found for component: @2_15
        Error   : No comment found for component: @2_15
        Error   : No designator found for component: @2_16
        Error   : No comment found for component: @2_16
        Error   : No designator found for component: @2_17
        Error   : No comment found for component: @2_17
        Error   : No designator found for component: @2_18
        Error   : No comment found for component: @2_18
        Error   : No designator found for component: @2_19
        Error   : No comment found for component: @2_19
        Error   : No designator found for component: @2_2
        Error   : No comment found for component: @2_2
        Error   : No designator found for component: @2_20
        Error   : No comment found for component: @2_20
        Error   : No designator found for component: @2_21
        Error   : No comment found for component: @2_21
        Error   : No designator found for component: @2_22
        Error   : No comment found for component: @2_22
        Error   : No designator found for component: @2_23
        Error   : No comment found for component: @2_23
        Error   : No designator found for component: @2_24
        Error   : No comment found for component: @2_24
        Error   : No designator found for component: @2_25
        Error   : No comment found for component: @2_25
        Error   : No designator found for component: @2_26
        Error   : No comment found for component: @2_26
        Error   : No designator found for component: @2_27
        Error   : No comment found for component: @2_27
        Error   : No designator found for component: @2_28
        Error   : No comment found for component: @2_28
        Error   : No designator found for component: @2_29
        Error   : No comment found for component: @2_29
        Error   : No designator found for component: @2_3
        Error   : No comment found for component: @2_3
        Error   : No designator found for component: @2_30
        Error   : No comment found for component: @2_30
        Error   : No designator found for component: @2_31
        Error   : No comment found for component: @2_31
        Error   : No designator found for component: @2_32
        Error   : No comment found for component: @2_32
        Error   : No designator found for component: @2_33
        Error   : No comment found for component: @2_33
        Error   : No designator found for component: @2_34
        Error   : No comment found for component: @2_34
        Error   : No designator found for component: @2_35
        Error   : No comment found for component: @2_35
        Error   : No designator found for component: @2_36
        Error   : No comment found for component: @2_36
        Error   : No designator found for component: @2_37
        Error   : No comment found for component: @2_37
        Error   : No designator found for component: @2_38
        Error   : No comment found for component: @2_38
        Error   : No designator found for component: @2_39
        Error   : No comment found for component: @2_39
        Error   : No designator found for component: @2_4
        Error   : No comment found for component: @2_4
        Error   : No designator found for component: @2_40
        Error   : No comment found for component: @2_40
        Error   : No designator found for component: @2_41
        Error   : No comment found for component: @2_41
        Error   : No designator found for component: @2_42
        Error   : No comment found for component: @2_42
        Error   : No designator found for component: @2_43
        Error   : No comment found for component: @2_43
        Error   : No designator found for component: @2_44
        Error   : No comment found for component: @2_44
        Error   : No designator found for component: @2_45
        Error   : No comment found for component: @2_45
        Error   : No designator found for component: @2_46
        Error   : No comment found for component: @2_46
        Error   : No designator found for component: @2_47
        Error   : No comment found for component: @2_47
        Error   : No designator found for component: @2_48
        Error   : No comment found for component: @2_48
        Error   : No designator found for component: @2_49
        Error   : No comment found for component: @2_49
        Error   : No designator found for component: @2_5
        Error   : No comment found for component: @2_5
        Error   : No designator found for component: @2_50
        Error   : No comment found for component: @2_50
        Error   : No designator found for component: @2_51
        Error   : No comment found for component: @2_51
        Error   : No designator found for component: @2_52
        Error   : No comment found for component: @2_52
        Error   : No designator found for component: @2_53
        Error   : No comment found for component: @2_53
        Error   : No designator found for component: @2_54
        Error   : No comment found for component: @2_54
        Error   : No designator found for component: @2_55
        Error   : No comment found for component: @2_55
        Error   : No designator found for component: @2_56
        Error   : No comment found for component: @2_56
        Error   : No designator found for component: @2_57
        Error   : No comment found for component: @2_57
        Error   : No designator found for component: @2_58
        Error   : No comment found for component: @2_58
        Error   : No designator found for component: @2_59
        Error   : No comment found for component: @2_59
        Error   : No designator found for component: @2_6
        Error   : No comment found for component: @2_6
        Error   : No designator found for component: @2_60
        Error   : No comment found for component: @2_60
        Error   : No designator found for component: @2_61
        Error   : No comment found for component: @2_61
        Error   : No designator found for component: @2_62
        Error   : No comment found for component: @2_62
        Error   : No designator found for component: @2_63
        Error   : No comment found for component: @2_63
        Error   : No designator found for component: @2_64
        Error   : No comment found for component: @2_64
        Error   : No designator found for component: @2_65
        Error   : No comment found for component: @2_65
        Error   : No designator found for component: @2_66
        Error   : No comment found for component: @2_66
        Error   : No designator found for component: @2_67
        Error   : No comment found for component: @2_67
        Error   : No designator found for component: @2_68
        Error   : No comment found for component: @2_68
        Error   : No designator found for component: @2_69
        Error   : No comment found for component: @2_69
        Error   : No designator found for component: @2_7
        Error   : No comment found for component: @2_7
        Error   : No designator found for component: @2_70
        Error   : No comment found for component: @2_70
        Error   : No designator found for component: @2_71
        Error   : No comment found for component: @2_71
        Error   : No designator found for component: @2_72
        Error   : No comment found for component: @2_72
        Error   : No designator found for component: @2_73
        Error   : No comment found for component: @2_73
        Error   : No designator found for component: @2_74
        Error   : No comment found for component: @2_74
        Error   : No designator found for component: @2_75
        Error   : No comment found for component: @2_75
        Error   : No designator found for component: @2_76
        Error   : No comment found for component: @2_76
        Error   : No designator found for component: @2_77
        Error   : No comment found for component: @2_77
        Error   : No designator found for component: @2_78
        Error   : No comment found for component: @2_78
        Error   : No designator found for component: @2_79
        Error   : No comment found for component: @2_79
        Error   : No designator found for component: @2_8
        Error   : No comment found for component: @2_8
        Error   : No designator found for component: @2_80
        Error   : No comment found for component: @2_80
        Error   : No designator found for component: @2_81
        Error   : No comment found for component: @2_81
        Error   : No designator found for component: @2_82
        Error   : No comment found for component: @2_82
        Error   : No designator found for component: @2_83
        Error   : No comment found for component: @2_83
        Error   : No designator found for component: @2_84
        Error   : No comment found for component: @2_84
        Error   : No designator found for component: @2_85
        Error   : No comment found for component: @2_85
        Error   : No designator found for component: @2_86
        Error   : No comment found for component: @2_86
        Error   : No designator found for component: @2_87
        Error   : No comment found for component: @2_87
        Error   : No designator found for component: @2_88
        Error   : No comment found for component: @2_88
        Error   : No designator found for component: @2_89
        Error   : No comment found for component: @2_89
        Error   : No designator found for component: @2_9
        Error   : No comment found for component: @2_9
        Error   : No designator found for component: @2_90
        Error   : No comment found for component: @2_90
        Error   : No designator found for component: @2_91
        Error   : No comment found for component: @2_91
        Error   : No designator found for component: @2_92
        Error   : No comment found for component: @2_92
        Error   : No designator found for component: @2_93
        Error   : No comment found for component: @2_93
        Error   : No designator found for component: @2_94
        Error   : No comment found for component: @2_94
        Error   : No designator found for component: @2_95
        Error   : No comment found for component: @2_95
        Error   : No designator found for component: @2_96
        Error   : No comment found for component: @2_96
        Error   : No designator found for component: @2_97
        Error   : No comment found for component: @2_97
        Error   : No designator found for component: @2_98
        Error   : No comment found for component: @2_98
        Error   : No designator found for component: @2_99
        Error   : No comment found for component: @2_99
    EndSection
EndSection
