Change Component Comment : Designator=C4 Old Comment=100nF/50V New Comment=104/10V
Change Component Designator: OldDesignator=C2 NewDesignator=C3
Change Component Designator: OldDesignator=C3 NewDesignator=C5
Change Component Designator: OldDesignator=C5 NewDesignator=C6
Change Component Designator: OldDesignator=C6 NewDesignator=C7
Change Component Designator: OldDesignator=P1 NewDesignator=P2
Change Component Designator: OldDesignator=P2 NewDesignator=P1
Change Component Designator: OldDesignator=R2 NewDesignator=R3
Change Component Designator: OldDesignator=R3 NewDesignator=R2
Added Component: Designator=C2(C 0402_M)
Added Component: Designator=Q1(DFN1616)
Added Component: Designator=Q2(DFN1616)
Added Pin To Net: NetName=+5V Pin=C1-2
Added Pin To Net: NetName=GND Pin=C2-1
Added Pin To Net: NetName=+5V Pin=C2-2
Added Pin To Net: NetName=+5V Pin=Q1-1
Added Pin To Net: NetName=GND Pin=Q1-2
Added Pin To Net: NetName=+5V Pin=Q2-1
Added Pin To Net: NetName=GND Pin=Q2-2
Added Pin To Net: NetName=+5V Pin=U1-16
Change Net Name : Old Net Name=+5V New Net Name=3.3V
Added Pin To Net: NetName=LH_OUT_0 Pin=Q1-3
Added Pin To Net: NetName=LH_OUT_0 Pin=U2-5
Added Net: Name=LH_OUT_0
Added Pin To Net: NetName=LH_OUT_1 Pin=Q2-3
Added Pin To Net: NetName=LH_OUT_1 Pin=U2-6
Added Net: Name=LH_OUT_1
Added Member To Class: ClassName=LKS_EVB_MCU072_V1.0 Member=Component C7 1nF/50V
Added Member To Class: ClassName=LKS_EVB_MCU072_V1.0 Member=Component Q1 MT9101DT
Added Member To Class: ClassName=LKS_EVB_MCU072_V1.0 Member=Component Q2 MT9101DT
Added Room: Name=LKS_EVB_MCU072_V1.0
