Removed Pin From Net: NetName=NetK1_1 Pin=R8-1
Removed Pin From Net: NetName=VBAT_8V4 Pin=R8-2
Removed Pin From Net: NetName=NetD3_2 Pin=R9-1
Removed Pin From Net: NetName=+3.3V Pin=U3-1
Removed Pin From Net: NetName=DCDC_5V Pin=U3-2
Removed Pin From Net: NetName=GND Pin=U3-3
Change Component Comment : Designator=R2 Old Comment=2.5M New Comment=2.4M
Change Component Comment : Designator=C8 Old Comment=4.7uF/25V New Comment=2.2uF/25V
Change Component Comment : Designator=C16 Old Comment=4.7uF/25V New Comment=2.2uF/25V
Change Component Comment : Designator=C19 Old Comment=4.7uF/25V New Comment=2.2uF/25V
Change Component Comment : Designator=R13 Old Comment=20K New Comment=10K
Change Component Comment : Designator=C10 Old Comment=22uF/25V New Comment=22uF/16V
Change Component Comment : Designator=C11 Old Comment=22uF/25V New Comment=22uF/16V
Change Component Comment : Designator=C14 Old Comment=22uF/25V New Comment=22uF/16V
Change Component Comment : Designator=C28 Old Comment=100nF/50V New Comment=100nF/10V
Change Component Comment : Designator=R5 Old Comment=340K New Comment=330K
Change Component Designator: OldDesignator=3V3 NewDesignator=1
Change Component Designator: OldDesignator=C1 NewDesignator=C2
Change Component Designator: OldDesignator=C2 NewDesignator=C3
Change Component Designator: OldDesignator=C3 NewDesignator=C1
Change Component Designator: OldDesignator=C7 NewDesignator=C11
Change Component Designator: OldDesignator=C8 NewDesignator=C10
Change Component Designator: OldDesignator=C9 NewDesignator=C12
Change Component Designator: OldDesignator=C10 NewDesignator=C7
Change Component Designator: OldDesignator=C11 NewDesignator=C8
Change Component Designator: OldDesignator=C12 NewDesignator=C9
Change Component Designator: OldDesignator=C22 NewDesignator=C24
Change Component Designator: OldDesignator=C23 NewDesignator=C22
Change Component Designator: OldDesignator=C24 NewDesignator=C23
Change Component Designator: OldDesignator=CLK NewDesignator=CLK1
Change Component Designator: OldDesignator=D4 NewDesignator=D8
Change Component Designator: OldDesignator=D5 NewDesignator=D9
Change Component Designator: OldDesignator=D6 NewDesignator=D10
Change Component Designator: OldDesignator=D7 NewDesignator=D4
Change Component Designator: OldDesignator=D8 NewDesignator=D5
Change Component Designator: OldDesignator=D9 NewDesignator=D6
Change Component Designator: OldDesignator=D10 NewDesignator=D7
Change Component Designator: OldDesignator=DIO NewDesignator=DIO1
Change Component Designator: OldDesignator=GND NewDesignator=GND1
Change Component Designator: OldDesignator=P2 NewDesignator=P1
Change Component Designator: OldDesignator=P6 NewDesignator=P2
Change Component Designator: OldDesignator=Q2 NewDesignator=Q5
Change Component Designator: OldDesignator=Q3 NewDesignator=Q8
Change Component Designator: OldDesignator=Q4 NewDesignator=Q9
Change Component Designator: OldDesignator=Q5 NewDesignator=Q10
Change Component Designator: OldDesignator=Q6 NewDesignator=Q11
Change Component Designator: OldDesignator=Q7 NewDesignator=Q12
Change Component Designator: OldDesignator=Q8 NewDesignator=Q13
Change Component Designator: OldDesignator=Q9 NewDesignator=Q7
Change Component Designator: OldDesignator=Q10 NewDesignator=Q2
Change Component Designator: OldDesignator=Q11 NewDesignator=Q3
Change Component Designator: OldDesignator=Q12 NewDesignator=Q4
Change Component Designator: OldDesignator=Q13 NewDesignator=Q6
Change Component Designator: OldDesignator=R2 NewDesignator=R3
Change Component Designator: OldDesignator=R3 NewDesignator=R2
Change Component Designator: OldDesignator=R5 NewDesignator=R6
Change Component Designator: OldDesignator=R6 NewDesignator=R5
Change Component Designator: OldDesignator=R7 NewDesignator=R9
Change Component Designator: OldDesignator=R10 NewDesignator=R7
Change Component Designator: OldDesignator=R11 NewDesignator=R12
Change Component Designator: OldDesignator=R12 NewDesignator=R8
Change Component Designator: OldDesignator=R17 NewDesignator=R15
Change Component Designator: OldDesignator=R18 NewDesignator=R16
Change Component Designator: OldDesignator=R19 NewDesignator=R21
Change Component Designator: OldDesignator=R20 NewDesignator=R22
Change Component Designator: OldDesignator=R21 NewDesignator=R23
Change Component Designator: OldDesignator=R22 NewDesignator=R19
Change Component Designator: OldDesignator=R23 NewDesignator=R24
Change Component Designator: OldDesignator=R24 NewDesignator=R25
Change Component Designator: OldDesignator=R25 NewDesignator=R26
Change Component Designator: OldDesignator=R26 NewDesignator=R20
Change Component Designator: OldDesignator=R27 NewDesignator=R28
Change Component Designator: OldDesignator=R28 NewDesignator=R29
Change Component Designator: OldDesignator=R29 NewDesignator=R31
Change Component Designator: OldDesignator=R30 NewDesignator=R32
Change Component Designator: OldDesignator=R31 NewDesignator=R33
Change Component Designator: OldDesignator=R32 NewDesignator=R34
Change Component Designator: OldDesignator=R33 NewDesignator=R35
Change Component Designator: OldDesignator=R34 NewDesignator=R36
Change Component Designator: OldDesignator=R35 NewDesignator=R37
Change Component Designator: OldDesignator=R36 NewDesignator=R38
Change Component Designator: OldDesignator=R37 NewDesignator=R39
Change Component Designator: OldDesignator=R38 NewDesignator=R40
Change Component Designator: OldDesignator=R39 NewDesignator=R27
Change Component Designator: OldDesignator=R40 NewDesignator=R30
Change Component Designator: OldDesignator=R43 NewDesignator=R45
Change Component Designator: OldDesignator=R44 NewDesignator=R43
Change Component Designator: OldDesignator=R45 NewDesignator=R44
Change component parameters: Designator = "D2" ("D2"); Footprint = "SOD123FL"; UniqueID = "\GCUXSBOS" ("\GCUXSBOS")
Change component parameters (AddParameter): Name = "Code_JEDEC"; Value = "DO-214-AB"; VariantName = "[No Variations]"
Change component parameters (AddParameter): Name = "LatestRevisionDate"; Value = "17-Jul-2002"; VariantName = "[No Variations]"
Change component parameters (AddParameter): Name = "LatestRevisionNote"; Value = "Re-released for DXP Platform."; VariantName = "[No Variations]"
Change component parameters (AddParameter): Name = "PackageDocument"; Value = "Sep-1996"; VariantName = "[No Variations]"
Change component parameters (AddParameter): Name = "PackageReference"; Value = "SMC"; VariantName = "[No Variations]"
Change component parameters (AddParameter): Name = "Published"; Value = "8-Jun-2000"; VariantName = "[No Variations]"
Change component parameters (AddParameter): Name = "Publisher"; Value = "Altium Limited"; VariantName = "[No Variations]"
Change component parameters: Designator = "D3" ("D3"); Footprint = "SOD-323"; UniqueID = "\HNCPBIJT" ("\HNCPBIJT")
Change component parameters (AddParameter): Name = "Code_JEDEC"; Value = "DO-214-AB"; VariantName = "[No Variations]"
Change component parameters (AddParameter): Name = "LatestRevisionDate"; Value = "17-Jul-2002"; VariantName = "[No Variations]"
Change component parameters (AddParameter): Name = "LatestRevisionNote"; Value = "Re-released for DXP Platform."; VariantName = "[No Variations]"
Change component parameters (AddParameter): Name = "PackageDocument"; Value = "Sep-1996"; VariantName = "[No Variations]"
Change component parameters (AddParameter): Name = "PackageReference"; Value = "SMC"; VariantName = "[No Variations]"
Change component parameters (AddParameter): Name = "Published"; Value = "8-Jun-2000"; VariantName = "[No Variations]"
Change component parameters (AddParameter): Name = "Publisher"; Value = "Altium Limited"; VariantName = "[No Variations]"
Change component parameters: Designator = "D7" ("D4"); Footprint = "SOD-323"; UniqueID = "\QOKFVVAD" ("\QOKFVVAD")
Change component parameters (AddParameter): Name = "Code_JEDEC"; Value = "DO-214-AB"; VariantName = "[No Variations]"
Change component parameters (AddParameter): Name = "LatestRevisionDate"; Value = "17-Jul-2002"; VariantName = "[No Variations]"
Change component parameters (AddParameter): Name = "LatestRevisionNote"; Value = "Re-released for DXP Platform."; VariantName = "[No Variations]"
Change component parameters (AddParameter): Name = "PackageDocument"; Value = "Sep-1996"; VariantName = "[No Variations]"
Change component parameters (AddParameter): Name = "PackageReference"; Value = "SMC"; VariantName = "[No Variations]"
Change component parameters (AddParameter): Name = "Published"; Value = "8-Jun-2000"; VariantName = "[No Variations]"
Change component parameters (AddParameter): Name = "Publisher"; Value = "Altium Limited"; VariantName = "[No Variations]"
Change component parameters: Designator = "L1" ("L1"); Footprint = "SMD3.5X3 .2- duplicate"; UniqueID = "\TFFACQEU" ("\TFFACQEU")
Change component parameters (AddParameter): Name = "Code_IEC"; Value = "1005"; VariantName = "[No Variations]"
Change component parameters (AddParameter): Name = "Code_JEITA"; Value = "0402"; VariantName = "[No Variations]"
Change component parameters (AddParameter): Name = "LatestRevisionDate"; Value = "17-Jul-2002"; VariantName = "[No Variations]"
Change component parameters (AddParameter): Name = "LatestRevisionNote"; Value = "Re-released for DXP Platform."; VariantName = "[No Variations]"
Change component parameters (AddParameter): Name = "PackageReference"; Value = "0402-A"; VariantName = "[No Variations]"
Change component parameters (AddParameter): Name = "Published"; Value = "8-Jun-2000"; VariantName = "[No Variations]"
Change component parameters (AddParameter): Name = "Publisher"; Value = "Altium Limited"; VariantName = "[No Variations]"
Change component parameters: Designator = "L2" ("L2"); Footprint = "SMD3.5X3 .2- duplicate"; UniqueID = "\UABLQBNC" ("\UABLQBNC")
Change component parameters (AddParameter): Name = "Code_IEC"; Value = "1005"; VariantName = "[No Variations]"
Change component parameters (AddParameter): Name = "Code_JEITA"; Value = "0402"; VariantName = "[No Variations]"
Change component parameters (AddParameter): Name = "LatestRevisionDate"; Value = "17-Jul-2002"; VariantName = "[No Variations]"
Change component parameters (AddParameter): Name = "LatestRevisionNote"; Value = "Re-released for DXP Platform."; VariantName = "[No Variations]"
Change component parameters (AddParameter): Name = "PackageReference"; Value = "0402-A"; VariantName = "[No Variations]"
Change component parameters (AddParameter): Name = "Published"; Value = "8-Jun-2000"; VariantName = "[No Variations]"
Change component parameters (AddParameter): Name = "Publisher"; Value = "Altium Limited"; VariantName = "[No Variations]"
Change component parameters: Designator = "P2" ("P1"); Footprint = "CONN_SMD_2P_0.6"; UniqueID = "\WPARQJYX" ("\WPARQJYX")
Change component parameters (AddParameter): Name = "LatestRevisionDate"; Value = "17-Jul-2002"; VariantName = "[No Variations]"
Change component parameters (AddParameter): Name = "LatestRevisionNote"; Value = "Re-released for DXP Platform."; VariantName = "[No Variations]"
Change component parameters (AddParameter): Name = "Publisher"; Value = "Altium Limited"; VariantName = "[No Variations]"
Change component parameters: Designator = "P3" ("P3"); Footprint = "SMD-12"; UniqueID = "\NRHKVBFM" ("\NRHKVBFM")
Change component parameters (AddParameter): Name = "LatestRevisionDate"; Value = "17-Jul-2002"; VariantName = "[No Variations]"
Change component parameters (AddParameter): Name = "LatestRevisionNote"; Value = "Re-released for DXP Platform."; VariantName = "[No Variations]"
Change component parameters (AddParameter): Name = "Publisher"; Value = "Altium Limited"; VariantName = "[No Variations]"
Change component parameters: Designator = "P6" ("P2"); Footprint = "CONN_SMD_2P_0.6"; UniqueID = "\CLVJBXJT" ("\CLVJBXJT")
Change component parameters (AddParameter): Name = "LatestRevisionDate"; Value = "17-Jul-2002"; VariantName = "[No Variations]"
Change component parameters (AddParameter): Name = "LatestRevisionNote"; Value = "Re-released for DXP Platform."; VariantName = "[No Variations]"
Change component parameters (AddParameter): Name = "Publisher"; Value = "Altium Limited"; VariantName = "[No Variations]"
Change component parameters: Designator = "Q1" ("Q1"); Footprint = "DFN-3X3_8"; UniqueID = "\CNEHKKUD" ("\CNEHKKUD")
Change component parameters (AddParameter): Name = "PCB DECAL"; Value = "DFN-3X3_8"; VariantName = "[No Variations]"
Change component parameters: Designator = "Q2" ("Q5"); Footprint = "DFN-3X3_8"; UniqueID = "\CXZRUORS" ("\CXZRUORS")
Change component parameters (AddParameter): Name = "PCB DECAL"; Value = "DFN-3X3_8"; VariantName = "[No Variations]"
Change component parameters: Designator = "Q9" ("Q7"); Footprint = "DFN-3X3_8"; UniqueID = "\GEOFZNJZ" ("\GEOFZNJZ")
Change component parameters (AddParameter): Name = "PCB DECAL"; Value = "DFN-3X3_8"; VariantName = "[No Variations]"
Added Component: Designator=R10(C 0402_M)
Added Component: Designator=R11(C 0402_M)
Added Component: Designator=R14(C 0402_M)
Added Component: Designator=R17(C 0402_M)
Added Component: Designator=R18(C 0402_M)
Added Pin To Net: NetName=NetK1_1 Pin=R10-1
Added Pin To Net: NetName=VBAT_8V4 Pin=R10-2
Added Pin To Net: NetName=NetD3_2 Pin=R11-1
Added Pin To Net: NetName=GND Pin=R13-1
Added Pin To Net: NetName=GND Pin=R14-1
Added Pin To Net: NetName=GND Pin=R18-1
Added Pin To Net: NetName=GND Pin=U3-1
Added Pin To Net: NetName=+3.3V Pin=U3-2
Added Pin To Net: NetName=DCDC_5V Pin=U3-3
Added Pin To Net: NetName=GND Pin=U4-17
Change Net Name : Old Net Name=+3.3V New Net Name=3.3V
Change Net Name : Old Net Name=NetC1_2 New Net Name=NetC2_2
Change Net Name : Old Net Name=NetC7_1 New Net Name=NetC11_1
Change Net Name : Old Net Name=NetC9_2 New Net Name=NetC12_2
Change Net Name : Old Net Name=NetC10_2 New Net Name=NetC7_2
Change Net Name : Old Net Name=NetD4_1 New Net Name=NetD8_1
Change Net Name : Old Net Name=NetD4_2 New Net Name=NetD8_2
Change Net Name : Old Net Name=NetD5_1 New Net Name=NetD9_1
Change Net Name : Old Net Name=NetD5_2 New Net Name=NetD9_2
Change Net Name : Old Net Name=NetD6_1 New Net Name=NetD10_1
Change Net Name : Old Net Name=NetD6_2 New Net Name=NetD10_2
Change Net Name : Old Net Name=NetD8_1 New Net Name=NetD5_1
Change Net Name : Old Net Name=NetD8_2 New Net Name=NetD5_2
Change Net Name : Old Net Name=NetD9_1 New Net Name=NetD6_1
Change Net Name : Old Net Name=NetD9_2 New Net Name=NetD6_2
Change Net Name : Old Net Name=NetD10_1 New Net Name=NetD7_1
Change Net Name : Old Net Name=NetD10_2 New Net Name=NetD7_2
Change Net Name : Old Net Name=NetQ3_1 New Net Name=NetQ8_1
Change Net Name : Old Net Name=NetQ4_1 New Net Name=NetQ9_1
Change Net Name : Old Net Name=NetQ5_1 New Net Name=NetQ10_1
Change Net Name : Old Net Name=NetQ6_1 New Net Name=NetQ11_1
Change Net Name : Old Net Name=NetQ7_1 New Net Name=NetQ12_1
Change Net Name : Old Net Name=NetQ8_1 New Net Name=NetQ13_1
Change Net Name : Old Net Name=NetQ10_3 New Net Name=NetQ2_3
Change Net Name : Old Net Name=NetR3_1 New Net Name=NetR2_1
Added Pin To Net: NetName=NetD4_2 Pin=D4-2
Added Pin To Net: NetName=NetD4_2 Pin=R17-1
Added Net: Name=NetD4_2
Added Pin To Net: NetName=NetQ3_1 Pin=Q3-1
Added Pin To Net: NetName=NetQ3_1 Pin=R12-1
Added Pin To Net: NetName=NetQ3_1 Pin=R14-2
Added Net: Name=NetQ3_1
Added Pin To Net: NetName=NetQ4_1 Pin=Q4-1
Added Pin To Net: NetName=NetQ4_1 Pin=R11-2
Added Pin To Net: NetName=NetQ4_1 Pin=R13-2
Added Net: Name=NetQ4_1
Added Pin To Net: NetName=NetQ6_1 Pin=Q6-1
Added Pin To Net: NetName=NetQ6_1 Pin=R17-2
Added Pin To Net: NetName=NetQ6_1 Pin=R18-2
Added Net: Name=NetQ6_1
Added Member To Class: ClassName=LKS_074DO_0406 Member=Component R14 10K
Added Member To Class: ClassName=LKS_074DO_0406 Member=Component R17 20K
Added Member To Class: ClassName=LKS_074DO_0406 Member=Component R18 10K
Added Room: Name=LKS_074DO_0406
