


ARM Macro Assembler    Page 1 


    1 00000000         ;*******************************************************
                       ********************************************************
                       ***************************
    2 00000000         ; 文件名称: startup_SWM201.s
    3 00000000         ; 功能说明: SWM201单片机的启动文件
    4 00000000         ; 技术支持: http://www.synwit.com.cn/e/tool/gbook/?bid=1
                       
    5 00000000         ; 注意事项:
    6 00000000         ; 版本日期: V1.0.0  2016年1月30日
    7 00000000         ; 升级记录:
    8 00000000         ;
    9 00000000         ;
   10 00000000         ;*******************************************************
                       ********************************************************
                       ***************************
   11 00000000         ; @attention
   12 00000000         ;
   13 00000000         ; THE PRESENT FIRMWARE WHICH IS FOR GUIDANCE ONLY AIMS A
                       T PROVIDING CUSTOMERS WITH CODING INFORMATION
   14 00000000         ; REGARDING THEIR PRODUCTS IN ORDER FOR THEM TO SAVE TIM
                       E. AS A RESULT, SYNWIT SHALL NOT BE HELD LIABLE
   15 00000000         ; FOR ANY DIRECT, INDIRECT OR CONSEQUENTIAL DAMAGES WITH
                        RESPECT TO ANY CLAIMS ARISING FROM THE CONTENT
   16 00000000         ; OF SUCH FIRMWARE AND/OR THE USE MADE BY CUSTOMERS OF T
                       HE CODING INFORMATION CONTAINED HEREIN IN CONN-
   17 00000000         ; -ECTION WITH THEIR PRODUCTS.
   18 00000000         ;
   19 00000000         ; COPYRIGHT 2012 Synwit Technology
   20 00000000         ;*******************************************************
                       ********************************************************
                       ***************************
   21 00000000         
   22 00000000         
   23 00000000         ; Amount of memory (in bytes) allocated for Stack
   24 00000000 00000400 
                       Stack_Size
                               EQU              0x00000400
   25 00000000         
   26 00000000                 AREA             STACK, NOINIT, READWRITE, ALIGN
=3
   27 00000000         Stack_Mem
                               SPACE            Stack_Size
   28 00000400         __initial_sp
   29 00000400         
   30 00000400         
   31 00000400         ; Amount of memory (in bytes) allocated for Heap
   32 00000400 00000000 
                       Heap_Size
                               EQU              0x00000000
   33 00000400         
   34 00000400                 AREA             HEAP, NOINIT, READWRITE, ALIGN=
3
   35 00000000         __heap_base
   36 00000000         Heap_Mem
                               SPACE            Heap_Size
   37 00000000         __heap_limit
   38 00000000         
   39 00000000         
   40 00000000                 PRESERVE8



ARM Macro Assembler    Page 2 


   41 00000000                 THUMB
   42 00000000         
   43 00000000         ; Vector Table Mapped to Address 0 at Reset
   44 00000000                 AREA             RESET, CODE, READONLY
   45 00000000                 EXPORT           __Vectors
   46 00000000                 EXPORT           __Vectors_End
   47 00000000                 EXPORT           __Vectors_Size
   48 00000000         
   49 00000000 00000000 
                       __Vectors
                               DCD              __initial_sp ; Top of Stack
   50 00000004 00000000        DCD              Reset_Handler ; Reset Handler
   51 00000008 00000000        DCD              NMI_Handler ; NMI Handler
   52 0000000C 00000000        DCD              HardFault_Handler ; Hard Fault 
                                                            Handler
   53 00000010 00000000        DCD              0           ; Reserved
   54 00000014 00000000        DCD              0           ; Reserved
   55 00000018 00000000        DCD              0           ; Reserved
   56 0000001C 00000000        DCD              0           ; Reserved
   57 00000020 00000000        DCD              0           ; Reserved
   58 00000024 00000000        DCD              0           ; Reserved
   59 00000028 00000000        DCD              0
   60 0000002C 00000000        DCD              SVC_Handler ; SVCall Handler
   61 00000030 00000000        DCD              0           ; Reserved
   62 00000034 00000000        DCD              0           ; Reserved
   63 00000038 00000000        DCD              PendSV_Handler ; PendSV Handler
                                                            
   64 0000003C 00000000        DCD              SysTick_Handler 
                                                            ; SysTick Handler
   65 00000040         
   66 00000040         ; External Interrupts
   67 00000040 00000000        DCD              UART0_Handler
   68 00000044 00000000        DCD              TIMR0_Handler
   69 00000048 00000000        DCD              CORDIC_Handler
   70 0000004C 00000000        DCD              UART1_Handler
   71 00000050 00000000        DCD              PWM1_Handler
   72 00000054 00000000        DCD              TIMR1_Handler
   73 00000058 00000000        DCD              HALL_Handler
   74 0000005C 00000000        DCD              PWM0_Handler
   75 00000060 00000000        DCD              BOD_Handler
   76 00000064 00000000        DCD              PWMBRK_Handler
   77 00000068 00000000        DCD              0
   78 0000006C 00000000        DCD              WDT_Handler
   79 00000070 00000000        DCD              I2C0_Handler
   80 00000074 00000000        DCD              XTALSTOP_Handler
   81 00000078 00000000        DCD              ADC0_Handler
   82 0000007C 00000000        DCD              ACMP_Handler
   83 00000080 00000000        DCD              BTIMR0_Handler
   84 00000084 00000000        DCD              BTIMR1_Handler
   85 00000088 00000000        DCD              BTIMR2_Handler
   86 0000008C 00000000        DCD              BTIMR3_Handler
   87 00000090 00000000        DCD              GPIOA_Handler
   88 00000094 00000000        DCD              GPIOB_Handler
   89 00000098 00000000        DCD              GPIOM_Handler
   90 0000009C 00000000        DCD              GPIOA0_GPIOM0_SPI1_Handler
   91 000000A0 00000000        DCD              GPIOA1_GPIOM1_MPU_Handler
   92 000000A4 00000000        DCD              GPIOA2_GPIOM2_Handler
   93 000000A8 00000000        DCD              GPIOA3_GPIOM3_Handler
   94 000000AC 00000000        DCD              GPIOB0_GPIOA8_TIMR2_Handler



ARM Macro Assembler    Page 3 


   95 000000B0 00000000        DCD              GPIOB1_GPIOA9_DMA_Handler
   96 000000B4 00000000        DCD              GPIOB2_GPIOA10_CAN0_Handler
   97 000000B8 00000000        DCD              GPIOB3_GPIOA11_SPI0_Handler
   98 000000BC 00000000        DCD              GPIOB4_GPIOB10_QEI_Handler
   99 000000C0         
  100 000000C0         __Vectors_End
  101 000000C0         
  102 000000C0 000000C0 
                       __Vectors_Size
                               EQU              __Vectors_End - __Vectors
  103 000000C0         
  104 000000C0         
  105 000000C0         
  106 000000C0         ;AREA    |.text|, CODE, READONLY
  107 000000C0         
  108 000000C0         Reset_Handler
                               PROC
  109 000000C0                 EXPORT           Reset_Handler             [WEAK
]
  110 000000C0 4814            LDR              R0,=0x4004A00C
  111 000000C2 4915            LDR              R1,=0x00050000
  112 000000C4 6001            STR              R1, [R0]
  113 000000C6                 IMPORT           __main
  114 000000C6 4815            LDR              R0, =__main
  115 000000C8 4700            BX               R0
  116 000000CA                 ENDP
  117 000000CA         
  118 000000CA         ; Dummy Exception Handlers (infinite loops which can be 
                       modified)
  119 000000CA         
  120 000000CA         NMI_Handler
                               PROC
  121 000000CA                 EXPORT           NMI_Handler                [WEA
K]
  122 000000CA E7FE            B                .
  123 000000CC                 ENDP
  124 000000CC         
  125 000000CC         HardFault_Handler
                               PROC
  126 000000CC                 EXPORT           HardFault_Handler          [WEA
K]
  127 000000CC E7FE            B                .
  128 000000CE                 ENDP
  129 000000CE         
  130 000000CE         SVC_Handler
                               PROC
  131 000000CE                 EXPORT           SVC_Handler                [WEA
K]
  132 000000CE E7FE            B                .
  133 000000D0                 ENDP
  134 000000D0         
  135 000000D0         PendSV_Handler
                               PROC
  136 000000D0                 EXPORT           PendSV_Handler             [WEA
K]
  137 000000D0 E7FE            B                .
  138 000000D2                 ENDP
  139 000000D2         
  140 000000D2         SysTick_Handler



ARM Macro Assembler    Page 4 


                               PROC
  141 000000D2                 EXPORT           SysTick_Handler            [WEA
K]
  142 000000D2 E7FE            B                .
  143 000000D4                 ENDP
  144 000000D4         
  145 000000D4         UART0_Handler
                               PROC
  146 000000D4                 EXPORT           UART0_Handler              [WEA
K]
  147 000000D4 E7FE            B                .
  148 000000D6                 ENDP
  149 000000D6         
  150 000000D6         TIMR0_Handler
                               PROC
  151 000000D6                 EXPORT           TIMR0_Handler              [WEA
K]
  152 000000D6 E7FE            B                .
  153 000000D8                 ENDP
  154 000000D8         
  155 000000D8         CORDIC_Handler
                               PROC
  156 000000D8                 EXPORT           CORDIC_Handler             [WEA
K]
  157 000000D8 E7FE            B                .
  158 000000DA                 ENDP
  159 000000DA         
  160 000000DA         UART1_Handler
                               PROC
  161 000000DA                 EXPORT           UART1_Handler              [WEA
K]
  162 000000DA E7FE            B                .
  163 000000DC                 ENDP
  164 000000DC         
  165 000000DC         PWM1_Handler
                               PROC
  166 000000DC                 EXPORT           PWM1_Handler               [WEA
K]
  167 000000DC E7FE            B                .
  168 000000DE                 ENDP
  169 000000DE         
  170 000000DE         TIMR1_Handler
                               PROC
  171 000000DE                 EXPORT           TIMR1_Handler              [WEA
K]
  172 000000DE E7FE            B                .
  173 000000E0                 ENDP
  174 000000E0         
  175 000000E0         HALL_Handler
                               PROC
  176 000000E0                 EXPORT           HALL_Handler               [WEA
K]
  177 000000E0 E7FE            B                .
  178 000000E2                 ENDP
  179 000000E2         
  180 000000E2         PWM0_Handler
                               PROC
  181 000000E2                 EXPORT           PWM0_Handler               [WEA
K]



ARM Macro Assembler    Page 5 


  182 000000E2 E7FE            B                .
  183 000000E4                 ENDP
  184 000000E4         
  185 000000E4         BOD_Handler
                               PROC
  186 000000E4                 EXPORT           BOD_Handler                [WEA
K]
  187 000000E4 E7FE            B                .
  188 000000E6                 ENDP
  189 000000E6         
  190 000000E6         PWMBRK_Handler
                               PROC
  191 000000E6                 EXPORT           PWMBRK_Handler             [WEA
K]
  192 000000E6 E7FE            B                .
  193 000000E8                 ENDP
  194 000000E8         
  195 000000E8         WDT_Handler
                               PROC
  196 000000E8                 EXPORT           WDT_Handler                [WEA
K]
  197 000000E8 E7FE            B                .
  198 000000EA                 ENDP
  199 000000EA         
  200 000000EA         I2C0_Handler
                               PROC
  201 000000EA                 EXPORT           I2C0_Handler               [WEA
K]
  202 000000EA E7FE            B                .
  203 000000EC                 ENDP
  204 000000EC         
  205 000000EC         XTALSTOP_Handler
                               PROC
  206 000000EC                 EXPORT           XTALSTOP_Handler           [WEA
K]
  207 000000EC E7FE            B                .
  208 000000EE                 ENDP
  209 000000EE         
  210 000000EE         ADC0_Handler
                               PROC
  211 000000EE                 EXPORT           ADC0_Handler               [WEA
K]
  212 000000EE E7FE            B                .
  213 000000F0                 ENDP
  214 000000F0         
  215 000000F0         ACMP_Handler
                               PROC
  216 000000F0                 EXPORT           ACMP_Handler               [WEA
K]
  217 000000F0 E7FE            B                .
  218 000000F2                 ENDP
  219 000000F2         
  220 000000F2         BTIMR0_Handler
                               PROC
  221 000000F2                 EXPORT           BTIMR0_Handler             [WEA
K]
  222 000000F2 E7FE            B                .
  223 000000F4                 ENDP
  224 000000F4         



ARM Macro Assembler    Page 6 


  225 000000F4         BTIMR1_Handler
                               PROC
  226 000000F4                 EXPORT           BTIMR1_Handler             [WEA
K]
  227 000000F4 E7FE            B                .
  228 000000F6                 ENDP
  229 000000F6         
  230 000000F6         BTIMR2_Handler
                               PROC
  231 000000F6                 EXPORT           BTIMR2_Handler             [WEA
K]
  232 000000F6 E7FE            B                .
  233 000000F8                 ENDP
  234 000000F8         
  235 000000F8         BTIMR3_Handler
                               PROC
  236 000000F8                 EXPORT           BTIMR3_Handler             [WEA
K]
  237 000000F8 E7FE            B                .
  238 000000FA                 ENDP
  239 000000FA         
  240 000000FA         GPIOA_Handler
                               PROC
  241 000000FA                 EXPORT           GPIOA_Handler              [WEA
K]
  242 000000FA E7FE            B                .
  243 000000FC                 ENDP
  244 000000FC         
  245 000000FC         GPIOB_Handler
                               PROC
  246 000000FC                 EXPORT           GPIOB_Handler              [WEA
K]
  247 000000FC E7FE            B                .
  248 000000FE                 ENDP
  249 000000FE         
  250 000000FE         GPIOM_Handler
                               PROC
  251 000000FE                 EXPORT           GPIOM_Handler              [WEA
K]
  252 000000FE E7FE            B                .
  253 00000100                 ENDP
  254 00000100         
  255 00000100         GPIOA0_GPIOM0_SPI1_Handler
                               PROC
  256 00000100                 EXPORT           GPIOA0_GPIOM0_SPI1_Handler [WEA
K]
  257 00000100 E7FE            B                .
  258 00000102                 ENDP
  259 00000102         
  260 00000102         GPIOA1_GPIOM1_MPU_Handler
                               PROC
  261 00000102                 EXPORT           GPIOA1_GPIOM1_MPU_Handler  [WEA
K]
  262 00000102 E7FE            B                .
  263 00000104                 ENDP
  264 00000104         
  265 00000104         GPIOA2_GPIOM2_Handler
                               PROC
  266 00000104                 EXPORT           GPIOA2_GPIOM2_Handler      [WEA



ARM Macro Assembler    Page 7 


K]
  267 00000104 E7FE            B                .
  268 00000106                 ENDP
  269 00000106         
  270 00000106         GPIOA3_GPIOM3_Handler
                               PROC
  271 00000106                 EXPORT           GPIOA3_GPIOM3_Handler      [WEA
K]
  272 00000106 E7FE            B                .
  273 00000108                 ENDP
  274 00000108         
  275 00000108         GPIOB0_GPIOA8_TIMR2_Handler
                               PROC
  276 00000108                 EXPORT           GPIOB0_GPIOA8_TIMR2_Handler [WE
AK]
  277 00000108 E7FE            B                .
  278 0000010A                 ENDP
  279 0000010A         
  280 0000010A         GPIOB1_GPIOA9_DMA_Handler
                               PROC
  281 0000010A                 EXPORT           GPIOB1_GPIOA9_DMA_Handler   [WE
AK]
  282 0000010A E7FE            B                .
  283 0000010C                 ENDP
  284 0000010C         
  285 0000010C         GPIOB2_GPIOA10_CAN0_Handler
                               PROC
  286 0000010C                 EXPORT           GPIOB2_GPIOA10_CAN0_Handler [WE
AK]
  287 0000010C E7FE            B                .
  288 0000010E                 ENDP
  289 0000010E         
  290 0000010E         GPIOB3_GPIOA11_SPI0_Handler
                               PROC
  291 0000010E                 EXPORT           GPIOB3_GPIOA11_SPI0_Handler [WE
AK]
  292 0000010E E7FE            B                .
  293 00000110                 ENDP
  294 00000110         
  295 00000110         GPIOB4_GPIOB10_QEI_Handler
                               PROC
  296 00000110                 EXPORT           GPIOB4_GPIOB10_QEI_Handler  [WE
AK]
  297 00000110 E7FE            B                .
  298 00000112                 ENDP
  299 00000112         
  300 00000112 00 00           ALIGN
  301 00000114         
  302 00000114         
  303 00000114         ;*******************************************************
                       ************************
  304 00000114         ; User Stack and Heap initialization
  305 00000114         ;*******************************************************
                       ************************
  306 00000114                 IF               :DEF:__MICROLIB
  307 00000114         
  308 00000114                 EXPORT           __initial_sp
  309 00000114                 EXPORT           __heap_base
  310 00000114                 EXPORT           __heap_limit



ARM Macro Assembler    Page 8 


  311 00000114         
  312 00000114                 ELSE
  327                          ENDIF
  328 00000114         
  329 00000114                 END
              4004A00C 
              00050000 
              00000000 
Command Line: --debug --xref --diag_suppress=9931 --cpu=Cortex-M0 --apcs=interw
ork --depend=.\out\startup_swm211.d -o.\out\startup_swm211.o -I.\RTE\_SWM211 -I
C:\Keil\ARM\PACK\Synwit\SWM32_DFP\1.20.1\CSL\SWM2X1\SWM2X1_StdPeriph_Driver -IC
:\Keil\ARM\CMSIS\Include -IC:\Keil\ARM\PACK\Synwit\SWM32_DFP\1.20.1\Device\ARM\
ARMCM0\Include --predefine="__MICROLIB SETA 1" --predefine="__UVISION_VERSION S
ETA 525" --predefine="CHIP_SWM211 SETA 1" --list=.\out\startup_swm211.lst CSL\C
MSIS\DeviceSupport\startup\arm\startup_SWM211.s



ARM Macro Assembler    Page 1 Alphabetic symbol ordering
Relocatable symbols

STACK 00000000

Symbol: STACK
   Definitions
      At line 26 in file CSL\CMSIS\DeviceSupport\startup\arm\startup_SWM211.s
   Uses
      None
Comment: STACK unused
Stack_Mem 00000000

Symbol: Stack_Mem
   Definitions
      At line 27 in file CSL\CMSIS\DeviceSupport\startup\arm\startup_SWM211.s
   Uses
      None
Comment: Stack_Mem unused
__initial_sp 00000400

Symbol: __initial_sp
   Definitions
      At line 28 in file CSL\CMSIS\DeviceSupport\startup\arm\startup_SWM211.s
   Uses
      At line 49 in file CSL\CMSIS\DeviceSupport\startup\arm\startup_SWM211.s
      At line 308 in file CSL\CMSIS\DeviceSupport\startup\arm\startup_SWM211.s

3 symbols



ARM Macro Assembler    Page 1 Alphabetic symbol ordering
Relocatable symbols

HEAP 00000000

Symbol: HEAP
   Definitions
      At line 34 in file CSL\CMSIS\DeviceSupport\startup\arm\startup_SWM211.s
   Uses
      None
Comment: HEAP unused
Heap_Mem 00000000

Symbol: Heap_Mem
   Definitions
      At line 36 in file CSL\CMSIS\DeviceSupport\startup\arm\startup_SWM211.s
   Uses
      None
Comment: Heap_Mem unused
__heap_base 00000000

Symbol: __heap_base
   Definitions
      At line 35 in file CSL\CMSIS\DeviceSupport\startup\arm\startup_SWM211.s
   Uses
      At line 309 in file CSL\CMSIS\DeviceSupport\startup\arm\startup_SWM211.s
Comment: __heap_base used once
__heap_limit 00000000

Symbol: __heap_limit
   Definitions
      At line 37 in file CSL\CMSIS\DeviceSupport\startup\arm\startup_SWM211.s
   Uses
      At line 310 in file CSL\CMSIS\DeviceSupport\startup\arm\startup_SWM211.s
Comment: __heap_limit used once
4 symbols



ARM Macro Assembler    Page 1 Alphabetic symbol ordering
Relocatable symbols

ACMP_Handler 000000F0

Symbol: ACMP_Handler
   Definitions
      At line 215 in file CSL\CMSIS\DeviceSupport\startup\arm\startup_SWM211.s
   Uses
      At line 82 in file CSL\CMSIS\DeviceSupport\startup\arm\startup_SWM211.s
      At line 216 in file CSL\CMSIS\DeviceSupport\startup\arm\startup_SWM211.s

ADC0_Handler 000000EE

Symbol: ADC0_Handler
   Definitions
      At line 210 in file CSL\CMSIS\DeviceSupport\startup\arm\startup_SWM211.s
   Uses
      At line 81 in file CSL\CMSIS\DeviceSupport\startup\arm\startup_SWM211.s
      At line 211 in file CSL\CMSIS\DeviceSupport\startup\arm\startup_SWM211.s

BOD_Handler 000000E4

Symbol: BOD_Handler
   Definitions
      At line 185 in file CSL\CMSIS\DeviceSupport\startup\arm\startup_SWM211.s
   Uses
      At line 75 in file CSL\CMSIS\DeviceSupport\startup\arm\startup_SWM211.s
      At line 186 in file CSL\CMSIS\DeviceSupport\startup\arm\startup_SWM211.s

BTIMR0_Handler 000000F2

Symbol: BTIMR0_Handler
   Definitions
      At line 220 in file CSL\CMSIS\DeviceSupport\startup\arm\startup_SWM211.s
   Uses
      At line 83 in file CSL\CMSIS\DeviceSupport\startup\arm\startup_SWM211.s
      At line 221 in file CSL\CMSIS\DeviceSupport\startup\arm\startup_SWM211.s

BTIMR1_Handler 000000F4

Symbol: BTIMR1_Handler
   Definitions
      At line 225 in file CSL\CMSIS\DeviceSupport\startup\arm\startup_SWM211.s
   Uses
      At line 84 in file CSL\CMSIS\DeviceSupport\startup\arm\startup_SWM211.s
      At line 226 in file CSL\CMSIS\DeviceSupport\startup\arm\startup_SWM211.s

BTIMR2_Handler 000000F6

Symbol: BTIMR2_Handler
   Definitions
      At line 230 in file CSL\CMSIS\DeviceSupport\startup\arm\startup_SWM211.s
   Uses
      At line 85 in file CSL\CMSIS\DeviceSupport\startup\arm\startup_SWM211.s
      At line 231 in file CSL\CMSIS\DeviceSupport\startup\arm\startup_SWM211.s

BTIMR3_Handler 000000F8

Symbol: BTIMR3_Handler
   Definitions
      At line 235 in file CSL\CMSIS\DeviceSupport\startup\arm\startup_SWM211.s



ARM Macro Assembler    Page 2 Alphabetic symbol ordering
Relocatable symbols

   Uses
      At line 86 in file CSL\CMSIS\DeviceSupport\startup\arm\startup_SWM211.s
      At line 236 in file CSL\CMSIS\DeviceSupport\startup\arm\startup_SWM211.s

CORDIC_Handler 000000D8

Symbol: CORDIC_Handler
   Definitions
      At line 155 in file CSL\CMSIS\DeviceSupport\startup\arm\startup_SWM211.s
   Uses
      At line 69 in file CSL\CMSIS\DeviceSupport\startup\arm\startup_SWM211.s
      At line 156 in file CSL\CMSIS\DeviceSupport\startup\arm\startup_SWM211.s

GPIOA0_GPIOM0_SPI1_Handler 00000100

Symbol: GPIOA0_GPIOM0_SPI1_Handler
   Definitions
      At line 255 in file CSL\CMSIS\DeviceSupport\startup\arm\startup_SWM211.s
   Uses
      At line 90 in file CSL\CMSIS\DeviceSupport\startup\arm\startup_SWM211.s
      At line 256 in file CSL\CMSIS\DeviceSupport\startup\arm\startup_SWM211.s

GPIOA1_GPIOM1_MPU_Handler 00000102

Symbol: GPIOA1_GPIOM1_MPU_Handler
   Definitions
      At line 260 in file CSL\CMSIS\DeviceSupport\startup\arm\startup_SWM211.s
   Uses
      At line 91 in file CSL\CMSIS\DeviceSupport\startup\arm\startup_SWM211.s
      At line 261 in file CSL\CMSIS\DeviceSupport\startup\arm\startup_SWM211.s

GPIOA2_GPIOM2_Handler 00000104

Symbol: GPIOA2_GPIOM2_Handler
   Definitions
      At line 265 in file CSL\CMSIS\DeviceSupport\startup\arm\startup_SWM211.s
   Uses
      At line 92 in file CSL\CMSIS\DeviceSupport\startup\arm\startup_SWM211.s
      At line 266 in file CSL\CMSIS\DeviceSupport\startup\arm\startup_SWM211.s

GPIOA3_GPIOM3_Handler 00000106

Symbol: GPIOA3_GPIOM3_Handler
   Definitions
      At line 270 in file CSL\CMSIS\DeviceSupport\startup\arm\startup_SWM211.s
   Uses
      At line 93 in file CSL\CMSIS\DeviceSupport\startup\arm\startup_SWM211.s
      At line 271 in file CSL\CMSIS\DeviceSupport\startup\arm\startup_SWM211.s

GPIOA_Handler 000000FA

Symbol: GPIOA_Handler
   Definitions
      At line 240 in file CSL\CMSIS\DeviceSupport\startup\arm\startup_SWM211.s
   Uses
      At line 87 in file CSL\CMSIS\DeviceSupport\startup\arm\startup_SWM211.s
      At line 241 in file CSL\CMSIS\DeviceSupport\startup\arm\startup_SWM211.s

GPIOB0_GPIOA8_TIMR2_Handler 00000108



ARM Macro Assembler    Page 3 Alphabetic symbol ordering
Relocatable symbols


Symbol: GPIOB0_GPIOA8_TIMR2_Handler
   Definitions
      At line 275 in file CSL\CMSIS\DeviceSupport\startup\arm\startup_SWM211.s
   Uses
      At line 94 in file CSL\CMSIS\DeviceSupport\startup\arm\startup_SWM211.s
      At line 276 in file CSL\CMSIS\DeviceSupport\startup\arm\startup_SWM211.s

GPIOB1_GPIOA9_DMA_Handler 0000010A

Symbol: GPIOB1_GPIOA9_DMA_Handler
   Definitions
      At line 280 in file CSL\CMSIS\DeviceSupport\startup\arm\startup_SWM211.s
   Uses
      At line 95 in file CSL\CMSIS\DeviceSupport\startup\arm\startup_SWM211.s
      At line 281 in file CSL\CMSIS\DeviceSupport\startup\arm\startup_SWM211.s

GPIOB2_GPIOA10_CAN0_Handler 0000010C

Symbol: GPIOB2_GPIOA10_CAN0_Handler
   Definitions
      At line 285 in file CSL\CMSIS\DeviceSupport\startup\arm\startup_SWM211.s
   Uses
      At line 96 in file CSL\CMSIS\DeviceSupport\startup\arm\startup_SWM211.s
      At line 286 in file CSL\CMSIS\DeviceSupport\startup\arm\startup_SWM211.s

GPIOB3_GPIOA11_SPI0_Handler 0000010E

Symbol: GPIOB3_GPIOA11_SPI0_Handler
   Definitions
      At line 290 in file CSL\CMSIS\DeviceSupport\startup\arm\startup_SWM211.s
   Uses
      At line 97 in file CSL\CMSIS\DeviceSupport\startup\arm\startup_SWM211.s
      At line 291 in file CSL\CMSIS\DeviceSupport\startup\arm\startup_SWM211.s

GPIOB4_GPIOB10_QEI_Handler 00000110

Symbol: GPIOB4_GPIOB10_QEI_Handler
   Definitions
      At line 295 in file CSL\CMSIS\DeviceSupport\startup\arm\startup_SWM211.s
   Uses
      At line 98 in file CSL\CMSIS\DeviceSupport\startup\arm\startup_SWM211.s
      At line 296 in file CSL\CMSIS\DeviceSupport\startup\arm\startup_SWM211.s

GPIOB_Handler 000000FC

Symbol: GPIOB_Handler
   Definitions
      At line 245 in file CSL\CMSIS\DeviceSupport\startup\arm\startup_SWM211.s
   Uses
      At line 88 in file CSL\CMSIS\DeviceSupport\startup\arm\startup_SWM211.s
      At line 246 in file CSL\CMSIS\DeviceSupport\startup\arm\startup_SWM211.s

GPIOM_Handler 000000FE

Symbol: GPIOM_Handler
   Definitions
      At line 250 in file CSL\CMSIS\DeviceSupport\startup\arm\startup_SWM211.s
   Uses



ARM Macro Assembler    Page 4 Alphabetic symbol ordering
Relocatable symbols

      At line 89 in file CSL\CMSIS\DeviceSupport\startup\arm\startup_SWM211.s
      At line 251 in file CSL\CMSIS\DeviceSupport\startup\arm\startup_SWM211.s

HALL_Handler 000000E0

Symbol: HALL_Handler
   Definitions
      At line 175 in file CSL\CMSIS\DeviceSupport\startup\arm\startup_SWM211.s
   Uses
      At line 73 in file CSL\CMSIS\DeviceSupport\startup\arm\startup_SWM211.s
      At line 176 in file CSL\CMSIS\DeviceSupport\startup\arm\startup_SWM211.s

HardFault_Handler 000000CC

Symbol: HardFault_Handler
   Definitions
      At line 125 in file CSL\CMSIS\DeviceSupport\startup\arm\startup_SWM211.s
   Uses
      At line 52 in file CSL\CMSIS\DeviceSupport\startup\arm\startup_SWM211.s
      At line 126 in file CSL\CMSIS\DeviceSupport\startup\arm\startup_SWM211.s

I2C0_Handler 000000EA

Symbol: I2C0_Handler
   Definitions
      At line 200 in file CSL\CMSIS\DeviceSupport\startup\arm\startup_SWM211.s
   Uses
      At line 79 in file CSL\CMSIS\DeviceSupport\startup\arm\startup_SWM211.s
      At line 201 in file CSL\CMSIS\DeviceSupport\startup\arm\startup_SWM211.s

NMI_Handler 000000CA

Symbol: NMI_Handler
   Definitions
      At line 120 in file CSL\CMSIS\DeviceSupport\startup\arm\startup_SWM211.s
   Uses
      At line 51 in file CSL\CMSIS\DeviceSupport\startup\arm\startup_SWM211.s
      At line 121 in file CSL\CMSIS\DeviceSupport\startup\arm\startup_SWM211.s

PWM0_Handler 000000E2

Symbol: PWM0_Handler
   Definitions
      At line 180 in file CSL\CMSIS\DeviceSupport\startup\arm\startup_SWM211.s
   Uses
      At line 74 in file CSL\CMSIS\DeviceSupport\startup\arm\startup_SWM211.s
      At line 181 in file CSL\CMSIS\DeviceSupport\startup\arm\startup_SWM211.s

PWM1_Handler 000000DC

Symbol: PWM1_Handler
   Definitions
      At line 165 in file CSL\CMSIS\DeviceSupport\startup\arm\startup_SWM211.s
   Uses
      At line 71 in file CSL\CMSIS\DeviceSupport\startup\arm\startup_SWM211.s
      At line 166 in file CSL\CMSIS\DeviceSupport\startup\arm\startup_SWM211.s

PWMBRK_Handler 000000E6




ARM Macro Assembler    Page 5 Alphabetic symbol ordering
Relocatable symbols

Symbol: PWMBRK_Handler
   Definitions
      At line 190 in file CSL\CMSIS\DeviceSupport\startup\arm\startup_SWM211.s
   Uses
      At line 76 in file CSL\CMSIS\DeviceSupport\startup\arm\startup_SWM211.s
      At line 191 in file CSL\CMSIS\DeviceSupport\startup\arm\startup_SWM211.s

PendSV_Handler 000000D0

Symbol: PendSV_Handler
   Definitions
      At line 135 in file CSL\CMSIS\DeviceSupport\startup\arm\startup_SWM211.s
   Uses
      At line 63 in file CSL\CMSIS\DeviceSupport\startup\arm\startup_SWM211.s
      At line 136 in file CSL\CMSIS\DeviceSupport\startup\arm\startup_SWM211.s

RESET 00000000

Symbol: RESET
   Definitions
      At line 44 in file CSL\CMSIS\DeviceSupport\startup\arm\startup_SWM211.s
   Uses
      None
Comment: RESET unused
Reset_Handler 000000C0

Symbol: Reset_Handler
   Definitions
      At line 108 in file CSL\CMSIS\DeviceSupport\startup\arm\startup_SWM211.s
   Uses
      At line 50 in file CSL\CMSIS\DeviceSupport\startup\arm\startup_SWM211.s
      At line 109 in file CSL\CMSIS\DeviceSupport\startup\arm\startup_SWM211.s

SVC_Handler 000000CE

Symbol: SVC_Handler
   Definitions
      At line 130 in file CSL\CMSIS\DeviceSupport\startup\arm\startup_SWM211.s
   Uses
      At line 60 in file CSL\CMSIS\DeviceSupport\startup\arm\startup_SWM211.s
      At line 131 in file CSL\CMSIS\DeviceSupport\startup\arm\startup_SWM211.s

SysTick_Handler 000000D2

Symbol: SysTick_Handler
   Definitions
      At line 140 in file CSL\CMSIS\DeviceSupport\startup\arm\startup_SWM211.s
   Uses
      At line 64 in file CSL\CMSIS\DeviceSupport\startup\arm\startup_SWM211.s
      At line 141 in file CSL\CMSIS\DeviceSupport\startup\arm\startup_SWM211.s

TIMR0_Handler 000000D6

Symbol: TIMR0_Handler
   Definitions
      At line 150 in file CSL\CMSIS\DeviceSupport\startup\arm\startup_SWM211.s
   Uses
      At line 68 in file CSL\CMSIS\DeviceSupport\startup\arm\startup_SWM211.s
      At line 151 in file CSL\CMSIS\DeviceSupport\startup\arm\startup_SWM211.s



ARM Macro Assembler    Page 6 Alphabetic symbol ordering
Relocatable symbols


TIMR1_Handler 000000DE

Symbol: TIMR1_Handler
   Definitions
      At line 170 in file CSL\CMSIS\DeviceSupport\startup\arm\startup_SWM211.s
   Uses
      At line 72 in file CSL\CMSIS\DeviceSupport\startup\arm\startup_SWM211.s
      At line 171 in file CSL\CMSIS\DeviceSupport\startup\arm\startup_SWM211.s

UART0_Handler 000000D4

Symbol: UART0_Handler
   Definitions
      At line 145 in file CSL\CMSIS\DeviceSupport\startup\arm\startup_SWM211.s
   Uses
      At line 67 in file CSL\CMSIS\DeviceSupport\startup\arm\startup_SWM211.s
      At line 146 in file CSL\CMSIS\DeviceSupport\startup\arm\startup_SWM211.s

UART1_Handler 000000DA

Symbol: UART1_Handler
   Definitions
      At line 160 in file CSL\CMSIS\DeviceSupport\startup\arm\startup_SWM211.s
   Uses
      At line 70 in file CSL\CMSIS\DeviceSupport\startup\arm\startup_SWM211.s
      At line 161 in file CSL\CMSIS\DeviceSupport\startup\arm\startup_SWM211.s

WDT_Handler 000000E8

Symbol: WDT_Handler
   Definitions
      At line 195 in file CSL\CMSIS\DeviceSupport\startup\arm\startup_SWM211.s
   Uses
      At line 78 in file CSL\CMSIS\DeviceSupport\startup\arm\startup_SWM211.s
      At line 196 in file CSL\CMSIS\DeviceSupport\startup\arm\startup_SWM211.s

XTALSTOP_Handler 000000EC

Symbol: XTALSTOP_Handler
   Definitions
      At line 205 in file CSL\CMSIS\DeviceSupport\startup\arm\startup_SWM211.s
   Uses
      At line 80 in file CSL\CMSIS\DeviceSupport\startup\arm\startup_SWM211.s
      At line 206 in file CSL\CMSIS\DeviceSupport\startup\arm\startup_SWM211.s

__Vectors 00000000

Symbol: __Vectors
   Definitions
      At line 49 in file CSL\CMSIS\DeviceSupport\startup\arm\startup_SWM211.s
   Uses
      At line 45 in file CSL\CMSIS\DeviceSupport\startup\arm\startup_SWM211.s
      At line 102 in file CSL\CMSIS\DeviceSupport\startup\arm\startup_SWM211.s

__Vectors_End 000000C0

Symbol: __Vectors_End
   Definitions



ARM Macro Assembler    Page 7 Alphabetic symbol ordering
Relocatable symbols

      At line 100 in file CSL\CMSIS\DeviceSupport\startup\arm\startup_SWM211.s
   Uses
      At line 46 in file CSL\CMSIS\DeviceSupport\startup\arm\startup_SWM211.s
      At line 102 in file CSL\CMSIS\DeviceSupport\startup\arm\startup_SWM211.s

40 symbols



ARM Macro Assembler    Page 1 Alphabetic symbol ordering
Absolute symbols

Heap_Size 00000000

Symbol: Heap_Size
   Definitions
      At line 32 in file CSL\CMSIS\DeviceSupport\startup\arm\startup_SWM211.s
   Uses
      At line 36 in file CSL\CMSIS\DeviceSupport\startup\arm\startup_SWM211.s
Comment: Heap_Size used once
Stack_Size 00000400

Symbol: Stack_Size
   Definitions
      At line 24 in file CSL\CMSIS\DeviceSupport\startup\arm\startup_SWM211.s
   Uses
      At line 27 in file CSL\CMSIS\DeviceSupport\startup\arm\startup_SWM211.s
Comment: Stack_Size used once
__Vectors_Size 000000C0

Symbol: __Vectors_Size
   Definitions
      At line 102 in file CSL\CMSIS\DeviceSupport\startup\arm\startup_SWM211.s
   Uses
      At line 47 in file CSL\CMSIS\DeviceSupport\startup\arm\startup_SWM211.s
Comment: __Vectors_Size used once
3 symbols



ARM Macro Assembler    Page 1 Alphabetic symbol ordering
External symbols

__main 00000000

Symbol: __main
   Definitions
      At line 113 in file CSL\CMSIS\DeviceSupport\startup\arm\startup_SWM211.s
   Uses
      At line 114 in file CSL\CMSIS\DeviceSupport\startup\arm\startup_SWM211.s
Comment: __main used once
1 symbol
386 symbols in table
